[debug] [2025-01-24T07:47:50.534Z] ----------------------------------------------------------------------
[debug] [2025-01-24T07:47:50.536Z] Command:       /Users/mac/.nvm/versions/node/v18.20.6/bin/node /usr/local/bin/firebase deploy --only functions
[debug] [2025-01-24T07:47:50.537Z] CLI Version:   13.29.2
[debug] [2025-01-24T07:47:50.537Z] Platform:      darwin
[debug] [2025-01-24T07:47:50.537Z] Node Version:  v18.20.6
[debug] [2025-01-24T07:47:50.557Z] Time:          Fri Jan 24 2025 01:47:50 GMT-0600 (Central Standard Time)
[debug] [2025-01-24T07:47:50.557Z] ----------------------------------------------------------------------
[debug] 
[debug] [2025-01-24T07:47:50.886Z] > command requires scopes: ["email","openid","https://www.googleapis.com/auth/cloudplatformprojects.readonly","https://www.googleapis.com/auth/firebase","https://www.googleapis.com/auth/cloud-platform"]
[debug] [2025-01-24T07:47:50.888Z] > authorizing via signed-in user (arcasisco@gmail.com)
[debug] [2025-01-24T07:47:50.888Z] [iam] checking project arcasisv2 for permissions ["cloudfunctions.functions.create","cloudfunctions.functions.delete","cloudfunctions.functions.get","cloudfunctions.functions.list","cloudfunctions.functions.update","cloudfunctions.operations.get","firebase.projects.get"]
[debug] [2025-01-24T07:47:50.892Z] Checked if tokens are valid: true, expires at: 1737706299438
[debug] [2025-01-24T07:47:50.892Z] Checked if tokens are valid: true, expires at: 1737706299438
[debug] [2025-01-24T07:47:50.894Z] >>> [apiv2][query] POST https://cloudresourcemanager.googleapis.com/v1/projects/arcasisv2:testIamPermissions [none]
[debug] [2025-01-24T07:47:50.894Z] >>> [apiv2][(partial)header] POST https://cloudresourcemanager.googleapis.com/v1/projects/arcasisv2:testIamPermissions x-goog-quota-user=projects/arcasisv2
[debug] [2025-01-24T07:47:50.894Z] >>> [apiv2][body] POST https://cloudresourcemanager.googleapis.com/v1/projects/arcasisv2:testIamPermissions {"permissions":["cloudfunctions.functions.create","cloudfunctions.functions.delete","cloudfunctions.functions.get","cloudfunctions.functions.list","cloudfunctions.functions.update","cloudfunctions.operations.get","firebase.projects.get"]}
[debug] [2025-01-24T07:47:51.476Z] <<< [apiv2][status] POST https://cloudresourcemanager.googleapis.com/v1/projects/arcasisv2:testIamPermissions 200
[debug] [2025-01-24T07:47:51.476Z] <<< [apiv2][body] POST https://cloudresourcemanager.googleapis.com/v1/projects/arcasisv2:testIamPermissions {"permissions":["cloudfunctions.functions.create","cloudfunctions.functions.delete","cloudfunctions.functions.get","cloudfunctions.functions.list","cloudfunctions.functions.update","cloudfunctions.operations.get","firebase.projects.get"]}
[debug] [2025-01-24T07:47:51.476Z] Checked if tokens are valid: true, expires at: 1737706299438
[debug] [2025-01-24T07:47:51.477Z] Checked if tokens are valid: true, expires at: 1737706299438
[debug] [2025-01-24T07:47:51.477Z] >>> [apiv2][query] POST https://iam.googleapis.com/v1/projects/arcasisv2/serviceAccounts/arcasisv2@appspot.gserviceaccount.com:testIamPermissions [none]
[debug] [2025-01-24T07:47:51.477Z] >>> [apiv2][body] POST https://iam.googleapis.com/v1/projects/arcasisv2/serviceAccounts/arcasisv2@appspot.gserviceaccount.com:testIamPermissions {"permissions":["iam.serviceAccounts.actAs"]}
[debug] [2025-01-24T07:47:51.745Z] <<< [apiv2][status] POST https://iam.googleapis.com/v1/projects/arcasisv2/serviceAccounts/arcasisv2@appspot.gserviceaccount.com:testIamPermissions 200
[debug] [2025-01-24T07:47:51.745Z] <<< [apiv2][body] POST https://iam.googleapis.com/v1/projects/arcasisv2/serviceAccounts/arcasisv2@appspot.gserviceaccount.com:testIamPermissions {"permissions":["iam.serviceAccounts.actAs"]}
[info] 
[info] === Deploying to 'arcasisv2'...
[info] 
[info] i  deploying functions 
[info] Running command: npm --prefix "$RESOURCE_DIR" run build
[info] ✔  functions: Finished running predeploy script. 
[debug] [2025-01-24T07:47:56.443Z] Checked if tokens are valid: true, expires at: 1737706299438
[debug] [2025-01-24T07:47:56.443Z] Checked if tokens are valid: true, expires at: 1737706299438
[debug] [2025-01-24T07:47:56.443Z] >>> [apiv2][query] GET https://cloudresourcemanager.googleapis.com/v1/projects/arcasisv2 [none]
[debug] [2025-01-24T07:47:56.660Z] <<< [apiv2][status] GET https://cloudresourcemanager.googleapis.com/v1/projects/arcasisv2 200
[debug] [2025-01-24T07:47:56.661Z] <<< [apiv2][body] GET https://cloudresourcemanager.googleapis.com/v1/projects/arcasisv2 {"projectNumber":"159758260631","projectId":"arcasisv2","lifecycleState":"ACTIVE","name":"ArcasisV2","labels":{"firebase":"enabled","firebase-core":"disabled"},"createTime":"2025-01-18T21:22:33.166347Z"}
[info] i  functions: preparing codebase default for deployment 
[info] i  functions: ensuring required API cloudfunctions.googleapis.com is enabled... 
[debug] [2025-01-24T07:47:56.663Z] Checked if tokens are valid: true, expires at: 1737706299438
[debug] [2025-01-24T07:47:56.664Z] Checked if tokens are valid: true, expires at: 1737706299438
[debug] [2025-01-24T07:47:56.664Z] Checked if tokens are valid: true, expires at: 1737706299438
[debug] [2025-01-24T07:47:56.664Z] Checked if tokens are valid: true, expires at: 1737706299438
[info] i  functions: ensuring required API cloudbuild.googleapis.com is enabled... 
[debug] [2025-01-24T07:47:56.665Z] Checked if tokens are valid: true, expires at: 1737706299438
[debug] [2025-01-24T07:47:56.665Z] Checked if tokens are valid: true, expires at: 1737706299438
[info] i  artifactregistry: ensuring required API artifactregistry.googleapis.com is enabled... 
[debug] [2025-01-24T07:47:56.665Z] Checked if tokens are valid: true, expires at: 1737706299438
[debug] [2025-01-24T07:47:56.666Z] Checked if tokens are valid: true, expires at: 1737706299438
[debug] [2025-01-24T07:47:56.666Z] >>> [apiv2][query] GET https://serviceusage.googleapis.com/v1/projects/arcasisv2/services/cloudfunctions.googleapis.com [none]
[debug] [2025-01-24T07:47:56.666Z] >>> [apiv2][(partial)header] GET https://serviceusage.googleapis.com/v1/projects/arcasisv2/services/cloudfunctions.googleapis.com x-goog-quota-user=projects/arcasisv2
[debug] [2025-01-24T07:47:56.669Z] >>> [apiv2][query] GET https://serviceusage.googleapis.com/v1/projects/arcasisv2/services/runtimeconfig.googleapis.com [none]
[debug] [2025-01-24T07:47:56.669Z] >>> [apiv2][(partial)header] GET https://serviceusage.googleapis.com/v1/projects/arcasisv2/services/runtimeconfig.googleapis.com x-goog-quota-user=projects/arcasisv2
[debug] [2025-01-24T07:47:56.674Z] >>> [apiv2][query] GET https://serviceusage.googleapis.com/v1/projects/arcasisv2/services/cloudbuild.googleapis.com [none]
[debug] [2025-01-24T07:47:56.675Z] >>> [apiv2][(partial)header] GET https://serviceusage.googleapis.com/v1/projects/arcasisv2/services/cloudbuild.googleapis.com x-goog-quota-user=projects/arcasisv2
[debug] [2025-01-24T07:47:56.679Z] >>> [apiv2][query] GET https://serviceusage.googleapis.com/v1/projects/arcasisv2/services/artifactregistry.googleapis.com [none]
[debug] [2025-01-24T07:47:56.679Z] >>> [apiv2][(partial)header] GET https://serviceusage.googleapis.com/v1/projects/arcasisv2/services/artifactregistry.googleapis.com x-goog-quota-user=projects/arcasisv2
[debug] [2025-01-24T07:47:57.073Z] <<< [apiv2][status] GET https://serviceusage.googleapis.com/v1/projects/arcasisv2/services/cloudbuild.googleapis.com 200
[debug] [2025-01-24T07:47:57.073Z] <<< [apiv2][body] GET https://serviceusage.googleapis.com/v1/projects/arcasisv2/services/cloudbuild.googleapis.com [omitted]
[info] ✔  functions: required API cloudbuild.googleapis.com is enabled 
[debug] [2025-01-24T07:47:57.076Z] <<< [apiv2][status] GET https://serviceusage.googleapis.com/v1/projects/arcasisv2/services/cloudfunctions.googleapis.com 200
[debug] [2025-01-24T07:47:57.076Z] <<< [apiv2][body] GET https://serviceusage.googleapis.com/v1/projects/arcasisv2/services/cloudfunctions.googleapis.com [omitted]
[info] ✔  functions: required API cloudfunctions.googleapis.com is enabled 
[debug] [2025-01-24T07:47:57.120Z] <<< [apiv2][status] GET https://serviceusage.googleapis.com/v1/projects/arcasisv2/services/artifactregistry.googleapis.com 200
[debug] [2025-01-24T07:47:57.120Z] <<< [apiv2][body] GET https://serviceusage.googleapis.com/v1/projects/arcasisv2/services/artifactregistry.googleapis.com [omitted]
[info] ✔  artifactregistry: required API artifactregistry.googleapis.com is enabled 
[debug] [2025-01-24T07:47:57.139Z] <<< [apiv2][status] GET https://serviceusage.googleapis.com/v1/projects/arcasisv2/services/runtimeconfig.googleapis.com 200
[debug] [2025-01-24T07:47:57.140Z] <<< [apiv2][body] GET https://serviceusage.googleapis.com/v1/projects/arcasisv2/services/runtimeconfig.googleapis.com [omitted]
[debug] [2025-01-24T07:47:57.141Z] Checked if tokens are valid: true, expires at: 1737706299438
[debug] [2025-01-24T07:47:57.141Z] Checked if tokens are valid: true, expires at: 1737706299438
[debug] [2025-01-24T07:47:57.141Z] >>> [apiv2][query] GET https://firebase.googleapis.com/v1beta1/projects/arcasisv2/adminSdkConfig [none]
[debug] [2025-01-24T07:47:57.622Z] <<< [apiv2][status] GET https://firebase.googleapis.com/v1beta1/projects/arcasisv2/adminSdkConfig 200
[debug] [2025-01-24T07:47:57.622Z] <<< [apiv2][body] GET https://firebase.googleapis.com/v1beta1/projects/arcasisv2/adminSdkConfig {"projectId":"arcasisv2","storageBucket":"arcasisv2.firebasestorage.app"}
[debug] [2025-01-24T07:47:57.623Z] Checked if tokens are valid: true, expires at: 1737706299438
[debug] [2025-01-24T07:47:57.623Z] Checked if tokens are valid: true, expires at: 1737706299438
[debug] [2025-01-24T07:47:57.623Z] >>> [apiv2][query] GET https://runtimeconfig.googleapis.com/v1beta1/projects/arcasisv2/configs [none]
[debug] [2025-01-24T07:47:57.963Z] <<< [apiv2][status] GET https://runtimeconfig.googleapis.com/v1beta1/projects/arcasisv2/configs 200
[debug] [2025-01-24T07:47:57.964Z] <<< [apiv2][body] GET https://runtimeconfig.googleapis.com/v1beta1/projects/arcasisv2/configs {"configs":[{"name":"projects/arcasisv2/configs/stripe"}]}
[debug] [2025-01-24T07:47:57.964Z] Checked if tokens are valid: true, expires at: 1737706299438
[debug] [2025-01-24T07:47:57.964Z] Checked if tokens are valid: true, expires at: 1737706299438
[debug] [2025-01-24T07:47:57.965Z] >>> [apiv2][query] GET https://runtimeconfig.googleapis.com/v1beta1/projects/arcasisv2/configs/stripe/variables [none]
[debug] [2025-01-24T07:47:58.440Z] <<< [apiv2][status] GET https://runtimeconfig.googleapis.com/v1beta1/projects/arcasisv2/configs/stripe/variables 200
[debug] [2025-01-24T07:47:58.441Z] <<< [apiv2][body] GET https://runtimeconfig.googleapis.com/v1beta1/projects/arcasisv2/configs/stripe/variables {"variables":[{"name":"projects/arcasisv2/configs/stripe/variables/publishable_key","updateTime":"2025-01-24T07:34:06.484852616Z"},{"name":"projects/arcasisv2/configs/stripe/variables/secret_key","updateTime":"2025-01-24T07:34:06.551289237Z"}]}
[debug] [2025-01-24T07:47:58.441Z] Checked if tokens are valid: true, expires at: 1737706299438
[debug] [2025-01-24T07:47:58.441Z] Checked if tokens are valid: true, expires at: 1737706299438
[debug] [2025-01-24T07:47:58.442Z] Checked if tokens are valid: true, expires at: 1737706299438
[debug] [2025-01-24T07:47:58.442Z] Checked if tokens are valid: true, expires at: 1737706299438
[debug] [2025-01-24T07:47:58.442Z] >>> [apiv2][query] GET https://runtimeconfig.googleapis.com/v1beta1/projects/arcasisv2/configs/stripe/variables/publishable_key [none]
[debug] [2025-01-24T07:47:58.446Z] >>> [apiv2][query] GET https://runtimeconfig.googleapis.com/v1beta1/projects/arcasisv2/configs/stripe/variables/secret_key [none]
[debug] [2025-01-24T07:47:58.661Z] <<< [apiv2][status] GET https://runtimeconfig.googleapis.com/v1beta1/projects/arcasisv2/configs/stripe/variables/secret_key 200
[debug] [2025-01-24T07:47:58.661Z] <<< [apiv2][body] GET https://runtimeconfig.googleapis.com/v1beta1/projects/arcasisv2/configs/stripe/variables/secret_key {"name":"projects/arcasisv2/configs/stripe/variables/secret_key","updateTime":"2025-01-24T07:34:06.551289237Z","text":"sk_test_51QcyUQB0h6bmlV6ET98BxEZVqRolEsOPX6cyC53DOMluHdfyEiMqzSLXp3YVTpsKgHudXh5lNdXhXlo9YJtIzJc600olmZPttQ"}
[debug] [2025-01-24T07:47:58.815Z] <<< [apiv2][status] GET https://runtimeconfig.googleapis.com/v1beta1/projects/arcasisv2/configs/stripe/variables/publishable_key 200
[debug] [2025-01-24T07:47:58.815Z] <<< [apiv2][body] GET https://runtimeconfig.googleapis.com/v1beta1/projects/arcasisv2/configs/stripe/variables/publishable_key {"name":"projects/arcasisv2/configs/stripe/variables/publishable_key","updateTime":"2025-01-24T07:34:06.484852616Z","text":"pk_test_51QcyUQB0h6bmlV6EAvHbMeJ5G5damKI3uAFRfTWTXysIM5DcxtLtWIQiV7RYzn422wEvEiWtFloiLgL8RSj2Yzft00MlXrlZRL"}
[debug] [2025-01-24T07:47:58.818Z] Validating nodejs source
[debug] [2025-01-24T07:48:00.335Z] > [functions] package.json contents: {
  "name": "functions",
  "scripts": {
    "build": "tsc",
    "build:watch": "tsc --watch",
    "serve": "npm run build && firebase emulators:start --only functions",
    "shell": "npm run build && firebase functions:shell",
    "start": "npm run shell",
    "deploy": "firebase deploy --only functions",
    "logs": "firebase functions:log"
  },
  "engines": {
    "node": "22"
  },
  "main": "lib/index.js",
  "dependencies": {
    "firebase-admin": "^12.6.0",
    "firebase-functions": "^6.0.1"
  },
  "devDependencies": {
    "typescript": "^4.9.0",
    "firebase-functions-test": "^3.1.0"
  },
  "private": true
}
[debug] [2025-01-24T07:48:00.335Z] Building nodejs source
[info] i  functions: Loading and analyzing source code for codebase default to determine what to deploy 
[debug] [2025-01-24T07:48:00.346Z] Could not find functions.yaml. Must use http discovery
[debug] [2025-01-24T07:48:00.401Z] Found firebase-functions binary at '/Users/mac/nothing/arcasis2/node_modules/.bin/firebase-functions'
[info] Serving at port 8618

[debug] [2025-01-24T07:48:01.887Z] Got response from /__/functions.yaml {"endpoints":{"paymentSheet":{"availableMemoryMb":null,"timeoutSeconds":null,"minInstances":null,"maxInstances":null,"ingressSettings":null,"concurrency":null,"serviceAccountEmail":null,"vpc":null,"platform":"gcfv2","labels":{},"httpsTrigger":{},"entryPoint":"paymentSheet"}},"specVersion":"v1alpha1","requiredAPIs":[],"extensions":{},"params":[{"type":"secret","name":"STRIPE_SECRET_KEY"},{"type":"secret","name":"STRIPE_PUBLISHABLE_KEY"}]}
[info] i  extensions: ensuring required API firebaseextensions.googleapis.com is enabled... 
[debug] [2025-01-24T07:48:01.935Z] Checked if tokens are valid: true, expires at: 1737706299438
[debug] [2025-01-24T07:48:01.935Z] Checked if tokens are valid: true, expires at: 1737706299438
[debug] [2025-01-24T07:48:01.935Z] >>> [apiv2][query] GET https://serviceusage.googleapis.com/v1/projects/arcasisv2/services/firebaseextensions.googleapis.com [none]
[debug] [2025-01-24T07:48:01.935Z] >>> [apiv2][(partial)header] GET https://serviceusage.googleapis.com/v1/projects/arcasisv2/services/firebaseextensions.googleapis.com x-goog-quota-user=projects/arcasisv2
[debug] [2025-01-24T07:48:02.412Z] <<< [apiv2][status] GET https://serviceusage.googleapis.com/v1/projects/arcasisv2/services/firebaseextensions.googleapis.com 200
[debug] [2025-01-24T07:48:02.412Z] <<< [apiv2][body] GET https://serviceusage.googleapis.com/v1/projects/arcasisv2/services/firebaseextensions.googleapis.com [omitted]
[info] ✔  extensions: required API firebaseextensions.googleapis.com is enabled 
[debug] [2025-01-24T07:48:02.412Z] > command requires scopes: ["email","openid","https://www.googleapis.com/auth/cloudplatformprojects.readonly","https://www.googleapis.com/auth/firebase","https://www.googleapis.com/auth/cloud-platform"]
[debug] [2025-01-24T07:48:02.413Z] > authorizing via signed-in user (arcasisco@gmail.com)
[debug] [2025-01-24T07:48:02.413Z] [iam] checking project arcasisv2 for permissions ["firebase.projects.get","firebaseextensions.instances.list"]
[debug] [2025-01-24T07:48:02.413Z] Checked if tokens are valid: true, expires at: 1737706299438
[debug] [2025-01-24T07:48:02.413Z] Checked if tokens are valid: true, expires at: 1737706299438
[debug] [2025-01-24T07:48:02.413Z] >>> [apiv2][query] POST https://cloudresourcemanager.googleapis.com/v1/projects/arcasisv2:testIamPermissions [none]
[debug] [2025-01-24T07:48:02.413Z] >>> [apiv2][(partial)header] POST https://cloudresourcemanager.googleapis.com/v1/projects/arcasisv2:testIamPermissions x-goog-quota-user=projects/arcasisv2
[debug] [2025-01-24T07:48:02.413Z] >>> [apiv2][body] POST https://cloudresourcemanager.googleapis.com/v1/projects/arcasisv2:testIamPermissions {"permissions":["firebase.projects.get","firebaseextensions.instances.list"]}
[debug] [2025-01-24T07:48:02.679Z] <<< [apiv2][status] POST https://cloudresourcemanager.googleapis.com/v1/projects/arcasisv2:testIamPermissions 200
[debug] [2025-01-24T07:48:02.679Z] <<< [apiv2][body] POST https://cloudresourcemanager.googleapis.com/v1/projects/arcasisv2:testIamPermissions {"permissions":["firebase.projects.get","firebaseextensions.instances.list"]}
[debug] [2025-01-24T07:48:02.680Z] Checked if tokens are valid: true, expires at: 1737706299438
[debug] [2025-01-24T07:48:02.680Z] Checked if tokens are valid: true, expires at: 1737706299438
[debug] [2025-01-24T07:48:02.681Z] >>> [apiv2][query] GET https://firebaseextensions.googleapis.com/v1beta/projects/arcasisv2/instances pageSize=100&pageToken=
[debug] [2025-01-24T07:48:03.109Z] <<< [apiv2][status] GET https://firebaseextensions.googleapis.com/v1beta/projects/arcasisv2/instances 200
[debug] [2025-01-24T07:48:03.109Z] <<< [apiv2][body] GET https://firebaseextensions.googleapis.com/v1beta/projects/arcasisv2/instances {}
[debug] [2025-01-24T07:48:03.112Z] Checked if tokens are valid: true, expires at: 1737706299438
[debug] [2025-01-24T07:48:03.112Z] Checked if tokens are valid: true, expires at: 1737706299438
[debug] [2025-01-24T07:48:03.112Z] >>> [apiv2][query] GET https://secretmanager.googleapis.com/v1/projects/arcasisv2/secrets/STRIPE_SECRET_KEY [none]
[debug] [2025-01-24T07:48:03.612Z] <<< [apiv2][status] GET https://secretmanager.googleapis.com/v1/projects/arcasisv2/secrets/STRIPE_SECRET_KEY 200
[debug] [2025-01-24T07:48:03.612Z] <<< [apiv2][body] GET https://secretmanager.googleapis.com/v1/projects/arcasisv2/secrets/STRIPE_SECRET_KEY {"name":"projects/159758260631/secrets/STRIPE_SECRET_KEY","replication":{"automatic":{}},"createTime":"2025-01-24T07:47:03.503880Z","etag":"\"162c6eeebabc08\""}
[debug] [2025-01-24T07:48:03.613Z] Checked if tokens are valid: true, expires at: 1737706299438
[debug] [2025-01-24T07:48:03.613Z] Checked if tokens are valid: true, expires at: 1737706299438
[debug] [2025-01-24T07:48:03.613Z] >>> [apiv2][query] GET https://secretmanager.googleapis.com/v1/projects/arcasisv2/secrets/STRIPE_SECRET_KEY/versions/latest [none]
[debug] [2025-01-24T07:48:04.070Z] <<< [apiv2][status] GET https://secretmanager.googleapis.com/v1/projects/arcasisv2/secrets/STRIPE_SECRET_KEY/versions/latest 200
[debug] [2025-01-24T07:48:04.070Z] <<< [apiv2][body] GET https://secretmanager.googleapis.com/v1/projects/arcasisv2/secrets/STRIPE_SECRET_KEY/versions/latest {"name":"projects/159758260631/secrets/STRIPE_SECRET_KEY/versions/1","createTime":"2025-01-24T07:47:03.853226Z","state":"ENABLED","replicationStatus":{"automatic":{}},"etag":"\"162c6eeec010aa\"","clientSpecifiedPayloadChecksum":true}
[debug] [2025-01-24T07:48:04.071Z] Checked if tokens are valid: true, expires at: 1737706299438
[debug] [2025-01-24T07:48:04.071Z] Checked if tokens are valid: true, expires at: 1737706299438
[debug] [2025-01-24T07:48:04.071Z] >>> [apiv2][query] GET https://secretmanager.googleapis.com/v1/projects/arcasisv2/secrets/STRIPE_PUBLISHABLE_KEY [none]
[debug] [2025-01-24T07:48:04.374Z] <<< [apiv2][status] GET https://secretmanager.googleapis.com/v1/projects/arcasisv2/secrets/STRIPE_PUBLISHABLE_KEY 200
[debug] [2025-01-24T07:48:04.375Z] <<< [apiv2][body] GET https://secretmanager.googleapis.com/v1/projects/arcasisv2/secrets/STRIPE_PUBLISHABLE_KEY {"name":"projects/159758260631/secrets/STRIPE_PUBLISHABLE_KEY","replication":{"automatic":{}},"createTime":"2025-01-24T07:47:34.970464Z","etag":"\"162c6ef09ae060\""}
[debug] [2025-01-24T07:48:04.375Z] Checked if tokens are valid: true, expires at: 1737706299438
[debug] [2025-01-24T07:48:04.375Z] Checked if tokens are valid: true, expires at: 1737706299438
[debug] [2025-01-24T07:48:04.375Z] >>> [apiv2][query] GET https://secretmanager.googleapis.com/v1/projects/arcasisv2/secrets/STRIPE_PUBLISHABLE_KEY/versions/latest [none]
[debug] [2025-01-24T07:48:04.890Z] <<< [apiv2][status] GET https://secretmanager.googleapis.com/v1/projects/arcasisv2/secrets/STRIPE_PUBLISHABLE_KEY/versions/latest 200
[debug] [2025-01-24T07:48:04.891Z] <<< [apiv2][body] GET https://secretmanager.googleapis.com/v1/projects/arcasisv2/secrets/STRIPE_PUBLISHABLE_KEY/versions/latest {"name":"projects/159758260631/secrets/STRIPE_PUBLISHABLE_KEY/versions/1","createTime":"2025-01-24T07:47:35.229758Z","state":"ENABLED","replicationStatus":{"automatic":{}},"etag":"\"162c6ef09ed53e\"","clientSpecifiedPayloadChecksum":true}
[info] i  functions: preparing functions directory for uploading... 
[info] i  functions: packaged /Users/mac/nothing/arcasis2/functions (4.12 KB) for uploading 
[debug] [2025-01-24T07:48:04.935Z] Checked if tokens are valid: true, expires at: 1737706299438
[debug] [2025-01-24T07:48:04.935Z] Checked if tokens are valid: true, expires at: 1737706299438
[debug] [2025-01-24T07:48:04.935Z] >>> [apiv2][query] GET https://cloudfunctions.googleapis.com/v1/projects/arcasisv2/locations/-/functions [none]
[debug] [2025-01-24T07:48:05.918Z] <<< [apiv2][status] GET https://cloudfunctions.googleapis.com/v1/projects/arcasisv2/locations/-/functions 200
[debug] [2025-01-24T07:48:05.919Z] <<< [apiv2][body] GET https://cloudfunctions.googleapis.com/v1/projects/arcasisv2/locations/-/functions {}
[debug] [2025-01-24T07:48:05.919Z] Checked if tokens are valid: true, expires at: 1737706299438
[debug] [2025-01-24T07:48:05.919Z] Checked if tokens are valid: true, expires at: 1737706299438
[debug] [2025-01-24T07:48:05.920Z] >>> [apiv2][query] GET https://cloudfunctions.googleapis.com/v2/projects/arcasisv2/locations/-/functions filter=environment%3D%22GEN_2%22
[debug] [2025-01-24T07:48:06.481Z] <<< [apiv2][status] GET https://cloudfunctions.googleapis.com/v2/projects/arcasisv2/locations/-/functions 200
[debug] [2025-01-24T07:48:06.482Z] <<< [apiv2][body] GET https://cloudfunctions.googleapis.com/v2/projects/arcasisv2/locations/-/functions {"functions":[{"name":"projects/arcasisv2/locations/us-central1/functions/paymentSheet","buildConfig":{"build":"projects/159758260631/locations/us-central1/builds/2a15981b-9aec-468d-b6fd-1f1d1a551ad2","runtime":"nodejs22","entryPoint":"paymentSheet","source":{"storageSource":{"bucket":"gcf-v2-sources-159758260631-us-central1","object":"paymentSheet/function-source.zip","generation":"1737704150554434"}},"environmentVariables":{"GOOGLE_NODE_RUN_SCRIPTS":""},"dockerRepository":"projects/arcasisv2/locations/us-central1/repositories/gcf-artifacts","serviceAccount":"projects/arcasisv2/serviceAccounts/159758260631-compute@developer.gserviceaccount.com","automaticUpdatePolicy":{}},"serviceConfig":{"service":"projects/arcasisv2/locations/us-central1/services/paymentsheet","timeoutSeconds":60,"environmentVariables":{"FIREBASE_CONFIG":"{\"projectId\":\"arcasisv2\",\"storageBucket\":\"arcasisv2.firebasestorage.app\"}","GCLOUD_PROJECT":"arcasisv2","EVENTARC_CLOUD_EVENT_SOURCE":"projects/arcasisv2/locations/us-central1/services/paymentSheet","FUNCTION_TARGET":"paymentSheet","LOG_EXECUTION_ID":"true"},"maxInstanceCount":100,"ingressSettings":"ALLOW_ALL","serviceAccountEmail":"159758260631-compute@developer.gserviceaccount.com","availableMemory":"256Mi","allTrafficOnLatestRevision":true,"revision":"paymentsheet-00002-kuj","maxInstanceRequestConcurrency":80,"availableCpu":"1"},"state":"ACTIVE","updateTime":"2025-01-24T07:36:54.775214777Z","labels":{"firebase-functions-hash":"cac501a721de96b56d4291dad8f73b130213c128","deployment-tool":"cli-firebase"},"environment":"GEN_2","url":"https://us-central1-arcasisv2.cloudfunctions.net/paymentSheet","createTime":"2025-01-24T07:23:24.189204765Z"}]}
[info] i  functions: ensuring required API run.googleapis.com is enabled... 
[debug] [2025-01-24T07:48:06.487Z] Checked if tokens are valid: true, expires at: 1737706299438
[debug] [2025-01-24T07:48:06.487Z] Checked if tokens are valid: true, expires at: 1737706299438
[info] i  functions: ensuring required API eventarc.googleapis.com is enabled... 
[debug] [2025-01-24T07:48:06.487Z] Checked if tokens are valid: true, expires at: 1737706299438
[debug] [2025-01-24T07:48:06.488Z] Checked if tokens are valid: true, expires at: 1737706299438
[info] i  functions: ensuring required API pubsub.googleapis.com is enabled... 
[debug] [2025-01-24T07:48:06.488Z] Checked if tokens are valid: true, expires at: 1737706299438
[debug] [2025-01-24T07:48:06.488Z] Checked if tokens are valid: true, expires at: 1737706299438
[info] i  functions: ensuring required API storage.googleapis.com is enabled... 
[debug] [2025-01-24T07:48:06.488Z] Checked if tokens are valid: true, expires at: 1737706299438
[debug] [2025-01-24T07:48:06.488Z] Checked if tokens are valid: true, expires at: 1737706299438
[debug] [2025-01-24T07:48:06.488Z] >>> [apiv2][query] GET https://serviceusage.googleapis.com/v1/projects/arcasisv2/services/run.googleapis.com [none]
[debug] [2025-01-24T07:48:06.488Z] >>> [apiv2][(partial)header] GET https://serviceusage.googleapis.com/v1/projects/arcasisv2/services/run.googleapis.com x-goog-quota-user=projects/arcasisv2
[debug] [2025-01-24T07:48:06.490Z] >>> [apiv2][query] GET https://serviceusage.googleapis.com/v1/projects/arcasisv2/services/eventarc.googleapis.com [none]
[debug] [2025-01-24T07:48:06.491Z] >>> [apiv2][(partial)header] GET https://serviceusage.googleapis.com/v1/projects/arcasisv2/services/eventarc.googleapis.com x-goog-quota-user=projects/arcasisv2
[debug] [2025-01-24T07:48:06.493Z] >>> [apiv2][query] GET https://serviceusage.googleapis.com/v1/projects/arcasisv2/services/pubsub.googleapis.com [none]
[debug] [2025-01-24T07:48:06.493Z] >>> [apiv2][(partial)header] GET https://serviceusage.googleapis.com/v1/projects/arcasisv2/services/pubsub.googleapis.com x-goog-quota-user=projects/arcasisv2
[debug] [2025-01-24T07:48:06.495Z] >>> [apiv2][query] GET https://serviceusage.googleapis.com/v1/projects/arcasisv2/services/storage.googleapis.com [none]
[debug] [2025-01-24T07:48:06.496Z] >>> [apiv2][(partial)header] GET https://serviceusage.googleapis.com/v1/projects/arcasisv2/services/storage.googleapis.com x-goog-quota-user=projects/arcasisv2
[debug] [2025-01-24T07:48:06.943Z] <<< [apiv2][status] GET https://serviceusage.googleapis.com/v1/projects/arcasisv2/services/eventarc.googleapis.com 200
[debug] [2025-01-24T07:48:06.943Z] <<< [apiv2][body] GET https://serviceusage.googleapis.com/v1/projects/arcasisv2/services/eventarc.googleapis.com [omitted]
[info] ✔  functions: required API eventarc.googleapis.com is enabled 
[debug] [2025-01-24T07:48:06.945Z] <<< [apiv2][status] GET https://serviceusage.googleapis.com/v1/projects/arcasisv2/services/pubsub.googleapis.com 200
[debug] [2025-01-24T07:48:06.945Z] <<< [apiv2][body] GET https://serviceusage.googleapis.com/v1/projects/arcasisv2/services/pubsub.googleapis.com [omitted]
[info] ✔  functions: required API pubsub.googleapis.com is enabled 
[debug] [2025-01-24T07:48:06.947Z] <<< [apiv2][status] GET https://serviceusage.googleapis.com/v1/projects/arcasisv2/services/storage.googleapis.com 200
[debug] [2025-01-24T07:48:06.947Z] <<< [apiv2][body] GET https://serviceusage.googleapis.com/v1/projects/arcasisv2/services/storage.googleapis.com [omitted]
[info] ✔  functions: required API storage.googleapis.com is enabled 
[debug] [2025-01-24T07:48:06.948Z] <<< [apiv2][status] GET https://serviceusage.googleapis.com/v1/projects/arcasisv2/services/run.googleapis.com 200
[debug] [2025-01-24T07:48:06.948Z] <<< [apiv2][body] GET https://serviceusage.googleapis.com/v1/projects/arcasisv2/services/run.googleapis.com [omitted]
[info] ✔  functions: required API run.googleapis.com is enabled 
[info] i  functions: generating the service identity for pubsub.googleapis.com... 
[debug] [2025-01-24T07:48:06.949Z] Checked if tokens are valid: true, expires at: 1737706299438
[debug] [2025-01-24T07:48:06.949Z] Checked if tokens are valid: true, expires at: 1737706299438
[info] i  functions: generating the service identity for eventarc.googleapis.com... 
[debug] [2025-01-24T07:48:06.949Z] Checked if tokens are valid: true, expires at: 1737706299438
[debug] [2025-01-24T07:48:06.949Z] Checked if tokens are valid: true, expires at: 1737706299438
[debug] [2025-01-24T07:48:06.949Z] >>> [apiv2][query] POST https://serviceusage.googleapis.com/v1beta1/projects/159758260631/services/pubsub.googleapis.com:generateServiceIdentity [none]
[debug] [2025-01-24T07:48:06.951Z] >>> [apiv2][query] POST https://serviceusage.googleapis.com/v1beta1/projects/159758260631/services/eventarc.googleapis.com:generateServiceIdentity [none]
[debug] [2025-01-24T07:48:07.348Z] <<< [apiv2][status] POST https://serviceusage.googleapis.com/v1beta1/projects/159758260631/services/eventarc.googleapis.com:generateServiceIdentity 200
[debug] [2025-01-24T07:48:07.348Z] <<< [apiv2][body] POST https://serviceusage.googleapis.com/v1beta1/projects/159758260631/services/eventarc.googleapis.com:generateServiceIdentity {"name":"operations/finished.DONE_OPERATION","done":true,"response":{"@type":"type.googleapis.com/google.api.serviceusage.v1beta1.ServiceIdentity","email":"service-159758260631@gcp-sa-eventarc.iam.gserviceaccount.com","uniqueId":"112184102167809668467"}}
[debug] [2025-01-24T07:48:07.355Z] <<< [apiv2][status] POST https://serviceusage.googleapis.com/v1beta1/projects/159758260631/services/pubsub.googleapis.com:generateServiceIdentity 200
[debug] [2025-01-24T07:48:07.356Z] <<< [apiv2][body] POST https://serviceusage.googleapis.com/v1beta1/projects/159758260631/services/pubsub.googleapis.com:generateServiceIdentity {"name":"operations/finished.DONE_OPERATION","done":true,"response":{"@type":"type.googleapis.com/google.api.serviceusage.v1beta1.ServiceIdentity","email":"service-159758260631@gcp-sa-pubsub.iam.gserviceaccount.com","uniqueId":"113849610978752853581"}}
[debug] [2025-01-24T07:48:07.358Z] Checked if tokens are valid: true, expires at: 1737706299438
[debug] [2025-01-24T07:48:07.358Z] Checked if tokens are valid: true, expires at: 1737706299438
[debug] [2025-01-24T07:48:07.358Z] >>> [apiv2][query] GET https://cloudresourcemanager.googleapis.com/v1/projects/arcasisv2 [none]
[debug] [2025-01-24T07:48:07.613Z] <<< [apiv2][status] GET https://cloudresourcemanager.googleapis.com/v1/projects/arcasisv2 200
[debug] [2025-01-24T07:48:07.613Z] <<< [apiv2][body] GET https://cloudresourcemanager.googleapis.com/v1/projects/arcasisv2 {"projectNumber":"159758260631","projectId":"arcasisv2","lifecycleState":"ACTIVE","name":"ArcasisV2","labels":{"firebase":"enabled","firebase-core":"disabled"},"createTime":"2025-01-18T21:22:33.166347Z"}
[debug] [2025-01-24T07:48:07.615Z] Checked if tokens are valid: true, expires at: 1737706299438
[debug] [2025-01-24T07:48:07.615Z] Checked if tokens are valid: true, expires at: 1737706299438
[debug] [2025-01-24T07:48:07.615Z] >>> [apiv2][query] GET https://cloudbilling.googleapis.com/v1/projects/arcasisv2/billingInfo [none]
[debug] [2025-01-24T07:48:07.964Z] <<< [apiv2][status] GET https://cloudbilling.googleapis.com/v1/projects/arcasisv2/billingInfo 200
[debug] [2025-01-24T07:48:07.964Z] <<< [apiv2][body] GET https://cloudbilling.googleapis.com/v1/projects/arcasisv2/billingInfo {"name":"projects/arcasisv2/billingInfo","projectId":"arcasisv2","billingAccountName":"billingAccounts/01613C-EEAA3C-35AED5","billingEnabled":true}
[debug] [2025-01-24T07:48:07.967Z] Checked if tokens are valid: true, expires at: 1737706299438
[debug] [2025-01-24T07:48:07.967Z] Checked if tokens are valid: true, expires at: 1737706299438
[debug] [2025-01-24T07:48:07.968Z] >>> [apiv2][query] POST https://cloudfunctions.googleapis.com/v2/projects/arcasisv2/locations/us-central1/functions:generateUploadUrl [none]
[debug] [2025-01-24T07:48:08.369Z] <<< [apiv2][status] POST https://cloudfunctions.googleapis.com/v2/projects/arcasisv2/locations/us-central1/functions:generateUploadUrl 200
[debug] [2025-01-24T07:48:08.370Z] <<< [apiv2][body] POST https://cloudfunctions.googleapis.com/v2/projects/arcasisv2/locations/us-central1/functions:generateUploadUrl {"uploadUrl":"https://storage.googleapis.com/gcf-v2-uploads-159758260631.us-central1.cloudfunctions.appspot.com/d63edbdf-f6b9-4247-9722-b0ade51c70ee.zip?GoogleAccessId=service-159758260631@gcf-admin-robot.iam.gserviceaccount.com&Expires=1737706688&Signature=BE%2BEX58Ac1%2F4Ssep4JH7yuPoy0yg6KljJBQi9vM5DEtSk0sJfg8oOYg0A%2Biy1w%2F%2FwLzFVZXSocWouvhap3zNUJ52%2BDjg3I7pEeeGONHKtXdLGerptPkhYfAlrQh%2BMc%2FVt%2FxDralS74mEPndMguhJYHauUxsUc1bObVfpET2wL5xL5Mqu5YGWhmgnlo%2BgPazXby8Mb5dKyvD3gygKdH6FxzYuSHajDueSmuC0F0IGS%2FG1CalX08XdIH%2B%2B6oo56N8IZ2c%2FLfrEl62q%2BAmSW7iSKeryV6dvxM4InWCLcxbtRlvhgeEl8DZbLeeONw1iwBWP7r7inmdGSLWGCQ4p2AezAA%3D%3D","storageSource":{"bucket":"gcf-v2-uploads-159758260631.us-central1.cloudfunctions.appspot.com","object":"d63edbdf-f6b9-4247-9722-b0ade51c70ee.zip"}}
[debug] [2025-01-24T07:48:08.372Z] >>> [apiv2][query] PUT https://storage.googleapis.com/gcf-v2-uploads-159758260631.us-central1.cloudfunctions.appspot.com/d63edbdf-f6b9-4247-9722-b0ade51c70ee.zip GoogleAccessId=service-159758260631%40gcf-admin-robot.iam.gserviceaccount.com&Expires=1737706688&Signature=BE%2BEX58Ac1%2F4Ssep4JH7yuPoy0yg6KljJBQi9vM5DEtSk0sJfg8oOYg0A%2Biy1w%2F%2FwLzFVZXSocWouvhap3zNUJ52%2BDjg3I7pEeeGONHKtXdLGerptPkhYfAlrQh%2BMc%2FVt%2FxDralS74mEPndMguhJYHauUxsUc1bObVfpET2wL5xL5Mqu5YGWhmgnlo%2BgPazXby8Mb5dKyvD3gygKdH6FxzYuSHajDueSmuC0F0IGS%2FG1CalX08XdIH%2B%2B6oo56N8IZ2c%2FLfrEl62q%2BAmSW7iSKeryV6dvxM4InWCLcxbtRlvhgeEl8DZbLeeONw1iwBWP7r7inmdGSLWGCQ4p2AezAA%3D%3D
[debug] [2025-01-24T07:48:08.372Z] >>> [apiv2][body] PUT https://storage.googleapis.com/gcf-v2-uploads-159758260631.us-central1.cloudfunctions.appspot.com/d63edbdf-f6b9-4247-9722-b0ade51c70ee.zip [stream]
[debug] [2025-01-24T07:48:08.733Z] <<< [apiv2][status] PUT https://storage.googleapis.com/gcf-v2-uploads-159758260631.us-central1.cloudfunctions.appspot.com/d63edbdf-f6b9-4247-9722-b0ade51c70ee.zip 200
[debug] [2025-01-24T07:48:08.734Z] <<< [apiv2][body] PUT https://storage.googleapis.com/gcf-v2-uploads-159758260631.us-central1.cloudfunctions.appspot.com/d63edbdf-f6b9-4247-9722-b0ade51c70ee.zip [omitted]
[info] ✔  functions: functions folder uploaded successfully 
[info] i  functions: updating Node.js 22 (2nd Gen) function paymentSheet(us-central1)... 
[debug] [2025-01-24T07:48:08.743Z] Checked if tokens are valid: true, expires at: 1737706299438
[debug] [2025-01-24T07:48:08.743Z] Checked if tokens are valid: true, expires at: 1737706299438
[debug] [2025-01-24T07:48:08.744Z] >>> [apiv2][query] PATCH https://cloudfunctions.googleapis.com/v2/projects/arcasisv2/locations/us-central1/functions/paymentSheet updateMask=name%2CbuildConfig.runtime%2CbuildConfig.entryPoint%2CbuildConfig.source.storageSource.bucket%2CbuildConfig.source.storageSource.object%2CbuildConfig.environmentVariables%2CbuildConfig.sourceToken%2CserviceConfig.environmentVariables%2CserviceConfig.ingressSettings%2CserviceConfig.timeoutSeconds%2CserviceConfig.serviceAccountEmail%2CserviceConfig.availableMemory%2CserviceConfig.minInstanceCount%2CserviceConfig.maxInstanceCount%2CserviceConfig.maxInstanceRequestConcurrency%2CserviceConfig.availableCpu%2CserviceConfig.vpcConnector%2CserviceConfig.vpcConnectorEgressSettings%2Clabels%2CbuildConfig.buildEnvironmentVariables
[debug] [2025-01-24T07:48:08.744Z] >>> [apiv2][body] PATCH https://cloudfunctions.googleapis.com/v2/projects/arcasisv2/locations/us-central1/functions/paymentSheet {"name":"projects/arcasisv2/locations/us-central1/functions/paymentSheet","buildConfig":{"runtime":"nodejs22","entryPoint":"paymentSheet","source":{"storageSource":{"bucket":"gcf-v2-uploads-159758260631.us-central1.cloudfunctions.appspot.com","object":"d63edbdf-f6b9-4247-9722-b0ade51c70ee.zip"}},"environmentVariables":{"GOOGLE_NODE_RUN_SCRIPTS":""}},"serviceConfig":{"environmentVariables":{"FIREBASE_CONFIG":"{\"projectId\":\"arcasisv2\",\"storageBucket\":\"arcasisv2.firebasestorage.app\"}","GCLOUD_PROJECT":"arcasisv2","EVENTARC_CLOUD_EVENT_SOURCE":"projects/arcasisv2/locations/us-central1/services/paymentSheet","FUNCTION_TARGET":"paymentSheet","LOG_EXECUTION_ID":"true"},"ingressSettings":null,"timeoutSeconds":null,"serviceAccountEmail":null,"availableMemory":"256Mi","minInstanceCount":null,"maxInstanceCount":null,"maxInstanceRequestConcurrency":80,"availableCpu":"1","vpcConnector":null,"vpcConnectorEgressSettings":null},"labels":{"deployment-tool":"cli-firebase","firebase-functions-hash":"7bcafc461686b1383550db6969f820a48370cfb0"}}
[debug] [2025-01-24T07:48:09.716Z] <<< [apiv2][status] PATCH https://cloudfunctions.googleapis.com/v2/projects/arcasisv2/locations/us-central1/functions/paymentSheet 200
[debug] [2025-01-24T07:48:09.716Z] <<< [apiv2][body] PATCH https://cloudfunctions.googleapis.com/v2/projects/arcasisv2/locations/us-central1/functions/paymentSheet {"name":"projects/arcasisv2/locations/us-central1/operations/operation-1737704889157-62c6ef2a4871f-2bb5c245-4015fd2f","metadata":{"@type":"type.googleapis.com/google.cloud.functions.v2.OperationMetadata","createTime":"2025-01-24T07:48:09.769300721Z","target":"projects/arcasisv2/locations/us-central1/functions/paymentSheet","verb":"update","cancelRequested":false,"apiVersion":"v2"},"done":false}
[debug] [2025-01-24T07:48:09.717Z] Checked if tokens are valid: true, expires at: 1737706299438
[debug] [2025-01-24T07:48:09.718Z] Checked if tokens are valid: true, expires at: 1737706299438
[debug] [2025-01-24T07:48:09.718Z] >>> [apiv2][query] GET https://cloudfunctions.googleapis.com/v2/projects/arcasisv2/locations/us-central1/operations/operation-1737704889157-62c6ef2a4871f-2bb5c245-4015fd2f [none]
[debug] [2025-01-24T07:48:10.018Z] <<< [apiv2][status] GET https://cloudfunctions.googleapis.com/v2/projects/arcasisv2/locations/us-central1/operations/operation-1737704889157-62c6ef2a4871f-2bb5c245-4015fd2f 200
[debug] [2025-01-24T07:48:10.018Z] <<< [apiv2][body] GET https://cloudfunctions.googleapis.com/v2/projects/arcasisv2/locations/us-central1/operations/operation-1737704889157-62c6ef2a4871f-2bb5c245-4015fd2f {"name":"projects/arcasisv2/locations/us-central1/operations/operation-1737704889157-62c6ef2a4871f-2bb5c245-4015fd2f","metadata":{"@type":"type.googleapis.com/google.cloud.functions.v2.OperationMetadata","createTime":"2025-01-24T07:48:09.769300721Z","target":"projects/arcasisv2/locations/us-central1/functions/paymentSheet","verb":"update","cancelRequested":false,"apiVersion":"v2","requestResource":{"@type":"type.googleapis.com/google.cloud.functions.v2.Function","name":"projects/arcasisv2/locations/us-central1/functions/paymentSheet","buildConfig":{"runtime":"nodejs22","entryPoint":"paymentSheet","source":{"storageSource":{"bucket":"gcf-v2-sources-159758260631-us-central1","object":"paymentSheet/function-source.zip","generation":"1737704889720274"}},"environmentVariables":{"GOOGLE_NODE_RUN_SCRIPTS":""},"dockerRepository":"projects/arcasisv2/locations/us-central1/repositories/gcf-artifacts","serviceAccount":"projects/arcasisv2/serviceAccounts/159758260631-compute@developer.gserviceaccount.com","automaticUpdatePolicy":{}},"serviceConfig":{"service":"projects/arcasisv2/locations/us-central1/services/paymentsheet","timeoutSeconds":60,"environmentVariables":{"FIREBASE_CONFIG":"{\"projectId\":\"arcasisv2\",\"storageBucket\":\"arcasisv2.firebasestorage.app\"}","GCLOUD_PROJECT":"arcasisv2","EVENTARC_CLOUD_EVENT_SOURCE":"projects/arcasisv2/locations/us-central1/services/paymentSheet","FUNCTION_TARGET":"paymentSheet","LOG_EXECUTION_ID":"true"},"ingressSettings":"ALLOW_ALL","serviceAccountEmail":"159758260631-compute@developer.gserviceaccount.com","availableMemory":"256Mi","allTrafficOnLatestRevision":true,"revision":"paymentsheet-00002-kuj","maxInstanceRequestConcurrency":80,"availableCpu":"1"},"state":"ACTIVE","labels":{"deployment-tool":"cloudfunctions","firebase-functions-hash":"7bcafc461686b1383550db6969f820a48370cfb0"},"environment":"GEN_2","url":"https://us-central1-arcasisv2.cloudfunctions.net/paymentSheet"},"stages":[{"name":"BUILD","state":"NOT_STARTED"},{"name":"SERVICE","state":"NOT_STARTED"}],"operationType":"UPDATE_FUNCTION"},"done":false}
[debug] [2025-01-24T07:48:10.521Z] [update-default-us-central1-paymentSheet] Retrying task index 0
[debug] [2025-01-24T07:48:10.522Z] Checked if tokens are valid: true, expires at: 1737706299438
[debug] [2025-01-24T07:48:10.522Z] Checked if tokens are valid: true, expires at: 1737706299438
[debug] [2025-01-24T07:48:10.522Z] >>> [apiv2][query] GET https://cloudfunctions.googleapis.com/v2/projects/arcasisv2/locations/us-central1/operations/operation-1737704889157-62c6ef2a4871f-2bb5c245-4015fd2f [none]
[debug] [2025-01-24T07:48:10.932Z] <<< [apiv2][status] GET https://cloudfunctions.googleapis.com/v2/projects/arcasisv2/locations/us-central1/operations/operation-1737704889157-62c6ef2a4871f-2bb5c245-4015fd2f 200
[debug] [2025-01-24T07:48:10.932Z] <<< [apiv2][body] GET https://cloudfunctions.googleapis.com/v2/projects/arcasisv2/locations/us-central1/operations/operation-1737704889157-62c6ef2a4871f-2bb5c245-4015fd2f {"name":"projects/arcasisv2/locations/us-central1/operations/operation-1737704889157-62c6ef2a4871f-2bb5c245-4015fd2f","metadata":{"@type":"type.googleapis.com/google.cloud.functions.v2.OperationMetadata","createTime":"2025-01-24T07:48:09.769300721Z","target":"projects/arcasisv2/locations/us-central1/functions/paymentSheet","verb":"update","cancelRequested":false,"apiVersion":"v2","requestResource":{"@type":"type.googleapis.com/google.cloud.functions.v2.Function","name":"projects/arcasisv2/locations/us-central1/functions/paymentSheet","buildConfig":{"runtime":"nodejs22","entryPoint":"paymentSheet","source":{"storageSource":{"bucket":"gcf-v2-sources-159758260631-us-central1","object":"paymentSheet/function-source.zip","generation":"1737704889720274"}},"environmentVariables":{"GOOGLE_NODE_RUN_SCRIPTS":""},"dockerRepository":"projects/arcasisv2/locations/us-central1/repositories/gcf-artifacts","serviceAccount":"projects/arcasisv2/serviceAccounts/159758260631-compute@developer.gserviceaccount.com","automaticUpdatePolicy":{}},"serviceConfig":{"service":"projects/arcasisv2/locations/us-central1/services/paymentsheet","timeoutSeconds":60,"environmentVariables":{"FIREBASE_CONFIG":"{\"projectId\":\"arcasisv2\",\"storageBucket\":\"arcasisv2.firebasestorage.app\"}","GCLOUD_PROJECT":"arcasisv2","EVENTARC_CLOUD_EVENT_SOURCE":"projects/arcasisv2/locations/us-central1/services/paymentSheet","FUNCTION_TARGET":"paymentSheet","LOG_EXECUTION_ID":"true"},"ingressSettings":"ALLOW_ALL","serviceAccountEmail":"159758260631-compute@developer.gserviceaccount.com","availableMemory":"256Mi","allTrafficOnLatestRevision":true,"revision":"paymentsheet-00002-kuj","maxInstanceRequestConcurrency":80,"availableCpu":"1"},"state":"ACTIVE","labels":{"deployment-tool":"cloudfunctions","firebase-functions-hash":"7bcafc461686b1383550db6969f820a48370cfb0"},"environment":"GEN_2","url":"https://us-central1-arcasisv2.cloudfunctions.net/paymentSheet"},"stages":[{"name":"BUILD","message":"Build in progress","state":"IN_PROGRESS","resource":"projects/159758260631/locations/us-central1/builds/410ec4d6-9c8e-4b8a-ba6b-da47b0b7019f","resourceUri":"https://console.cloud.google.com/cloud-build/builds;region=us-central1/410ec4d6-9c8e-4b8a-ba6b-da47b0b7019f?project=159758260631"},{"name":"SERVICE","state":"NOT_STARTED"}],"operationType":"UPDATE_FUNCTION","buildName":"projects/159758260631/locations/us-central1/builds/410ec4d6-9c8e-4b8a-ba6b-da47b0b7019f"},"done":false}
[debug] [2025-01-24T07:48:11.933Z] [update-default-us-central1-paymentSheet] Retrying task index 0
[debug] [2025-01-24T07:48:11.934Z] Checked if tokens are valid: true, expires at: 1737706299438
[debug] [2025-01-24T07:48:11.934Z] Checked if tokens are valid: true, expires at: 1737706299438
[debug] [2025-01-24T07:48:11.934Z] >>> [apiv2][query] GET https://cloudfunctions.googleapis.com/v2/projects/arcasisv2/locations/us-central1/operations/operation-1737704889157-62c6ef2a4871f-2bb5c245-4015fd2f [none]
[debug] [2025-01-24T07:48:12.250Z] <<< [apiv2][status] GET https://cloudfunctions.googleapis.com/v2/projects/arcasisv2/locations/us-central1/operations/operation-1737704889157-62c6ef2a4871f-2bb5c245-4015fd2f 200
[debug] [2025-01-24T07:48:12.251Z] <<< [apiv2][body] GET https://cloudfunctions.googleapis.com/v2/projects/arcasisv2/locations/us-central1/operations/operation-1737704889157-62c6ef2a4871f-2bb5c245-4015fd2f {"name":"projects/arcasisv2/locations/us-central1/operations/operation-1737704889157-62c6ef2a4871f-2bb5c245-4015fd2f","metadata":{"@type":"type.googleapis.com/google.cloud.functions.v2.OperationMetadata","createTime":"2025-01-24T07:48:09.769300721Z","target":"projects/arcasisv2/locations/us-central1/functions/paymentSheet","verb":"update","cancelRequested":false,"apiVersion":"v2","requestResource":{"@type":"type.googleapis.com/google.cloud.functions.v2.Function","name":"projects/arcasisv2/locations/us-central1/functions/paymentSheet","buildConfig":{"runtime":"nodejs22","entryPoint":"paymentSheet","source":{"storageSource":{"bucket":"gcf-v2-sources-159758260631-us-central1","object":"paymentSheet/function-source.zip","generation":"1737704889720274"}},"environmentVariables":{"GOOGLE_NODE_RUN_SCRIPTS":""},"dockerRepository":"projects/arcasisv2/locations/us-central1/repositories/gcf-artifacts","serviceAccount":"projects/arcasisv2/serviceAccounts/159758260631-compute@developer.gserviceaccount.com","automaticUpdatePolicy":{}},"serviceConfig":{"service":"projects/arcasisv2/locations/us-central1/services/paymentsheet","timeoutSeconds":60,"environmentVariables":{"FIREBASE_CONFIG":"{\"projectId\":\"arcasisv2\",\"storageBucket\":\"arcasisv2.firebasestorage.app\"}","GCLOUD_PROJECT":"arcasisv2","EVENTARC_CLOUD_EVENT_SOURCE":"projects/arcasisv2/locations/us-central1/services/paymentSheet","FUNCTION_TARGET":"paymentSheet","LOG_EXECUTION_ID":"true"},"ingressSettings":"ALLOW_ALL","serviceAccountEmail":"159758260631-compute@developer.gserviceaccount.com","availableMemory":"256Mi","allTrafficOnLatestRevision":true,"revision":"paymentsheet-00002-kuj","maxInstanceRequestConcurrency":80,"availableCpu":"1"},"state":"ACTIVE","labels":{"deployment-tool":"cloudfunctions","firebase-functions-hash":"7bcafc461686b1383550db6969f820a48370cfb0"},"environment":"GEN_2","url":"https://us-central1-arcasisv2.cloudfunctions.net/paymentSheet"},"stages":[{"name":"BUILD","message":"Build in progress","state":"IN_PROGRESS","resource":"projects/159758260631/locations/us-central1/builds/410ec4d6-9c8e-4b8a-ba6b-da47b0b7019f","resourceUri":"https://console.cloud.google.com/cloud-build/builds;region=us-central1/410ec4d6-9c8e-4b8a-ba6b-da47b0b7019f?project=159758260631"},{"name":"SERVICE","state":"NOT_STARTED"}],"operationType":"UPDATE_FUNCTION","buildName":"projects/159758260631/locations/us-central1/builds/410ec4d6-9c8e-4b8a-ba6b-da47b0b7019f"},"done":false}
[debug] [2025-01-24T07:48:14.251Z] [update-default-us-central1-paymentSheet] Retrying task index 0
[debug] [2025-01-24T07:48:14.252Z] Checked if tokens are valid: true, expires at: 1737706299438
[debug] [2025-01-24T07:48:14.252Z] Checked if tokens are valid: true, expires at: 1737706299438
[debug] [2025-01-24T07:48:14.252Z] >>> [apiv2][query] GET https://cloudfunctions.googleapis.com/v2/projects/arcasisv2/locations/us-central1/operations/operation-1737704889157-62c6ef2a4871f-2bb5c245-4015fd2f [none]
[debug] [2025-01-24T07:48:14.567Z] <<< [apiv2][status] GET https://cloudfunctions.googleapis.com/v2/projects/arcasisv2/locations/us-central1/operations/operation-1737704889157-62c6ef2a4871f-2bb5c245-4015fd2f 200
[debug] [2025-01-24T07:48:14.567Z] <<< [apiv2][body] GET https://cloudfunctions.googleapis.com/v2/projects/arcasisv2/locations/us-central1/operations/operation-1737704889157-62c6ef2a4871f-2bb5c245-4015fd2f {"name":"projects/arcasisv2/locations/us-central1/operations/operation-1737704889157-62c6ef2a4871f-2bb5c245-4015fd2f","metadata":{"@type":"type.googleapis.com/google.cloud.functions.v2.OperationMetadata","createTime":"2025-01-24T07:48:09.769300721Z","target":"projects/arcasisv2/locations/us-central1/functions/paymentSheet","verb":"update","cancelRequested":false,"apiVersion":"v2","requestResource":{"@type":"type.googleapis.com/google.cloud.functions.v2.Function","name":"projects/arcasisv2/locations/us-central1/functions/paymentSheet","buildConfig":{"runtime":"nodejs22","entryPoint":"paymentSheet","source":{"storageSource":{"bucket":"gcf-v2-sources-159758260631-us-central1","object":"paymentSheet/function-source.zip","generation":"1737704889720274"}},"environmentVariables":{"GOOGLE_NODE_RUN_SCRIPTS":""},"dockerRepository":"projects/arcasisv2/locations/us-central1/repositories/gcf-artifacts","serviceAccount":"projects/arcasisv2/serviceAccounts/159758260631-compute@developer.gserviceaccount.com","automaticUpdatePolicy":{}},"serviceConfig":{"service":"projects/arcasisv2/locations/us-central1/services/paymentsheet","timeoutSeconds":60,"environmentVariables":{"FIREBASE_CONFIG":"{\"projectId\":\"arcasisv2\",\"storageBucket\":\"arcasisv2.firebasestorage.app\"}","GCLOUD_PROJECT":"arcasisv2","EVENTARC_CLOUD_EVENT_SOURCE":"projects/arcasisv2/locations/us-central1/services/paymentSheet","FUNCTION_TARGET":"paymentSheet","LOG_EXECUTION_ID":"true"},"ingressSettings":"ALLOW_ALL","serviceAccountEmail":"159758260631-compute@developer.gserviceaccount.com","availableMemory":"256Mi","allTrafficOnLatestRevision":true,"revision":"paymentsheet-00002-kuj","maxInstanceRequestConcurrency":80,"availableCpu":"1"},"state":"ACTIVE","labels":{"deployment-tool":"cloudfunctions","firebase-functions-hash":"7bcafc461686b1383550db6969f820a48370cfb0"},"environment":"GEN_2","url":"https://us-central1-arcasisv2.cloudfunctions.net/paymentSheet"},"stages":[{"name":"BUILD","message":"Build in progress","state":"IN_PROGRESS","resource":"projects/159758260631/locations/us-central1/builds/410ec4d6-9c8e-4b8a-ba6b-da47b0b7019f","resourceUri":"https://console.cloud.google.com/cloud-build/builds;region=us-central1/410ec4d6-9c8e-4b8a-ba6b-da47b0b7019f?project=159758260631"},{"name":"SERVICE","state":"NOT_STARTED"}],"operationType":"UPDATE_FUNCTION","buildName":"projects/159758260631/locations/us-central1/builds/410ec4d6-9c8e-4b8a-ba6b-da47b0b7019f"},"done":false}
[debug] [2025-01-24T07:48:18.569Z] [update-default-us-central1-paymentSheet] Retrying task index 0
[debug] [2025-01-24T07:48:18.569Z] Checked if tokens are valid: true, expires at: 1737706299438
[debug] [2025-01-24T07:48:18.570Z] Checked if tokens are valid: true, expires at: 1737706299438
[debug] [2025-01-24T07:48:18.570Z] >>> [apiv2][query] GET https://cloudfunctions.googleapis.com/v2/projects/arcasisv2/locations/us-central1/operations/operation-1737704889157-62c6ef2a4871f-2bb5c245-4015fd2f [none]
[debug] [2025-01-24T07:48:18.885Z] <<< [apiv2][status] GET https://cloudfunctions.googleapis.com/v2/projects/arcasisv2/locations/us-central1/operations/operation-1737704889157-62c6ef2a4871f-2bb5c245-4015fd2f 200
[debug] [2025-01-24T07:48:18.885Z] <<< [apiv2][body] GET https://cloudfunctions.googleapis.com/v2/projects/arcasisv2/locations/us-central1/operations/operation-1737704889157-62c6ef2a4871f-2bb5c245-4015fd2f {"name":"projects/arcasisv2/locations/us-central1/operations/operation-1737704889157-62c6ef2a4871f-2bb5c245-4015fd2f","metadata":{"@type":"type.googleapis.com/google.cloud.functions.v2.OperationMetadata","createTime":"2025-01-24T07:48:09.769300721Z","target":"projects/arcasisv2/locations/us-central1/functions/paymentSheet","verb":"update","cancelRequested":false,"apiVersion":"v2","requestResource":{"@type":"type.googleapis.com/google.cloud.functions.v2.Function","name":"projects/arcasisv2/locations/us-central1/functions/paymentSheet","buildConfig":{"runtime":"nodejs22","entryPoint":"paymentSheet","source":{"storageSource":{"bucket":"gcf-v2-sources-159758260631-us-central1","object":"paymentSheet/function-source.zip","generation":"1737704889720274"}},"environmentVariables":{"GOOGLE_NODE_RUN_SCRIPTS":""},"dockerRepository":"projects/arcasisv2/locations/us-central1/repositories/gcf-artifacts","serviceAccount":"projects/arcasisv2/serviceAccounts/159758260631-compute@developer.gserviceaccount.com","automaticUpdatePolicy":{}},"serviceConfig":{"service":"projects/arcasisv2/locations/us-central1/services/paymentsheet","timeoutSeconds":60,"environmentVariables":{"FIREBASE_CONFIG":"{\"projectId\":\"arcasisv2\",\"storageBucket\":\"arcasisv2.firebasestorage.app\"}","GCLOUD_PROJECT":"arcasisv2","EVENTARC_CLOUD_EVENT_SOURCE":"projects/arcasisv2/locations/us-central1/services/paymentSheet","FUNCTION_TARGET":"paymentSheet","LOG_EXECUTION_ID":"true"},"ingressSettings":"ALLOW_ALL","serviceAccountEmail":"159758260631-compute@developer.gserviceaccount.com","availableMemory":"256Mi","allTrafficOnLatestRevision":true,"revision":"paymentsheet-00002-kuj","maxInstanceRequestConcurrency":80,"availableCpu":"1"},"state":"ACTIVE","labels":{"deployment-tool":"cloudfunctions","firebase-functions-hash":"7bcafc461686b1383550db6969f820a48370cfb0"},"environment":"GEN_2","url":"https://us-central1-arcasisv2.cloudfunctions.net/paymentSheet"},"stages":[{"name":"BUILD","message":"Build in progress","state":"IN_PROGRESS","resource":"projects/159758260631/locations/us-central1/builds/410ec4d6-9c8e-4b8a-ba6b-da47b0b7019f","resourceUri":"https://console.cloud.google.com/cloud-build/builds;region=us-central1/410ec4d6-9c8e-4b8a-ba6b-da47b0b7019f?project=159758260631"},{"name":"SERVICE","state":"NOT_STARTED"}],"operationType":"UPDATE_FUNCTION","buildName":"projects/159758260631/locations/us-central1/builds/410ec4d6-9c8e-4b8a-ba6b-da47b0b7019f"},"done":false}
[debug] [2025-01-24T07:48:26.886Z] [update-default-us-central1-paymentSheet] Retrying task index 0
[debug] [2025-01-24T07:48:26.888Z] Checked if tokens are valid: true, expires at: 1737706299438
[debug] [2025-01-24T07:48:26.889Z] Checked if tokens are valid: true, expires at: 1737706299438
[debug] [2025-01-24T07:48:26.889Z] >>> [apiv2][query] GET https://cloudfunctions.googleapis.com/v2/projects/arcasisv2/locations/us-central1/operations/operation-1737704889157-62c6ef2a4871f-2bb5c245-4015fd2f [none]
[debug] [2025-01-24T07:48:27.194Z] <<< [apiv2][status] GET https://cloudfunctions.googleapis.com/v2/projects/arcasisv2/locations/us-central1/operations/operation-1737704889157-62c6ef2a4871f-2bb5c245-4015fd2f 200
[debug] [2025-01-24T07:48:27.194Z] <<< [apiv2][body] GET https://cloudfunctions.googleapis.com/v2/projects/arcasisv2/locations/us-central1/operations/operation-1737704889157-62c6ef2a4871f-2bb5c245-4015fd2f {"name":"projects/arcasisv2/locations/us-central1/operations/operation-1737704889157-62c6ef2a4871f-2bb5c245-4015fd2f","metadata":{"@type":"type.googleapis.com/google.cloud.functions.v2.OperationMetadata","createTime":"2025-01-24T07:48:09.769300721Z","target":"projects/arcasisv2/locations/us-central1/functions/paymentSheet","verb":"update","cancelRequested":false,"apiVersion":"v2","requestResource":{"@type":"type.googleapis.com/google.cloud.functions.v2.Function","name":"projects/arcasisv2/locations/us-central1/functions/paymentSheet","buildConfig":{"runtime":"nodejs22","entryPoint":"paymentSheet","source":{"storageSource":{"bucket":"gcf-v2-sources-159758260631-us-central1","object":"paymentSheet/function-source.zip","generation":"1737704889720274"}},"environmentVariables":{"GOOGLE_NODE_RUN_SCRIPTS":""},"dockerRepository":"projects/arcasisv2/locations/us-central1/repositories/gcf-artifacts","serviceAccount":"projects/arcasisv2/serviceAccounts/159758260631-compute@developer.gserviceaccount.com","automaticUpdatePolicy":{}},"serviceConfig":{"service":"projects/arcasisv2/locations/us-central1/services/paymentsheet","timeoutSeconds":60,"environmentVariables":{"FIREBASE_CONFIG":"{\"projectId\":\"arcasisv2\",\"storageBucket\":\"arcasisv2.firebasestorage.app\"}","GCLOUD_PROJECT":"arcasisv2","EVENTARC_CLOUD_EVENT_SOURCE":"projects/arcasisv2/locations/us-central1/services/paymentSheet","FUNCTION_TARGET":"paymentSheet","LOG_EXECUTION_ID":"true"},"ingressSettings":"ALLOW_ALL","serviceAccountEmail":"159758260631-compute@developer.gserviceaccount.com","availableMemory":"256Mi","allTrafficOnLatestRevision":true,"revision":"paymentsheet-00002-kuj","maxInstanceRequestConcurrency":80,"availableCpu":"1"},"state":"ACTIVE","labels":{"deployment-tool":"cloudfunctions","firebase-functions-hash":"7bcafc461686b1383550db6969f820a48370cfb0"},"environment":"GEN_2","url":"https://us-central1-arcasisv2.cloudfunctions.net/paymentSheet"},"stages":[{"name":"BUILD","message":"Build in progress","state":"IN_PROGRESS","resource":"projects/159758260631/locations/us-central1/builds/410ec4d6-9c8e-4b8a-ba6b-da47b0b7019f","resourceUri":"https://console.cloud.google.com/cloud-build/builds;region=us-central1/410ec4d6-9c8e-4b8a-ba6b-da47b0b7019f?project=159758260631"},{"name":"SERVICE","state":"NOT_STARTED"}],"operationType":"UPDATE_FUNCTION","buildName":"projects/159758260631/locations/us-central1/builds/410ec4d6-9c8e-4b8a-ba6b-da47b0b7019f"},"done":false}
[debug] [2025-01-24T07:48:37.196Z] [update-default-us-central1-paymentSheet] Retrying task index 0
[debug] [2025-01-24T07:48:37.197Z] Checked if tokens are valid: true, expires at: 1737706299438
[debug] [2025-01-24T07:48:37.197Z] Checked if tokens are valid: true, expires at: 1737706299438
[debug] [2025-01-24T07:48:37.197Z] >>> [apiv2][query] GET https://cloudfunctions.googleapis.com/v2/projects/arcasisv2/locations/us-central1/operations/operation-1737704889157-62c6ef2a4871f-2bb5c245-4015fd2f [none]
[debug] [2025-01-24T07:48:37.503Z] <<< [apiv2][status] GET https://cloudfunctions.googleapis.com/v2/projects/arcasisv2/locations/us-central1/operations/operation-1737704889157-62c6ef2a4871f-2bb5c245-4015fd2f 200
[debug] [2025-01-24T07:48:37.503Z] <<< [apiv2][body] GET https://cloudfunctions.googleapis.com/v2/projects/arcasisv2/locations/us-central1/operations/operation-1737704889157-62c6ef2a4871f-2bb5c245-4015fd2f {"name":"projects/arcasisv2/locations/us-central1/operations/operation-1737704889157-62c6ef2a4871f-2bb5c245-4015fd2f","metadata":{"@type":"type.googleapis.com/google.cloud.functions.v2.OperationMetadata","createTime":"2025-01-24T07:48:09.769300721Z","target":"projects/arcasisv2/locations/us-central1/functions/paymentSheet","verb":"update","cancelRequested":false,"apiVersion":"v2","requestResource":{"@type":"type.googleapis.com/google.cloud.functions.v2.Function","name":"projects/arcasisv2/locations/us-central1/functions/paymentSheet","buildConfig":{"runtime":"nodejs22","entryPoint":"paymentSheet","source":{"storageSource":{"bucket":"gcf-v2-sources-159758260631-us-central1","object":"paymentSheet/function-source.zip","generation":"1737704889720274"}},"environmentVariables":{"GOOGLE_NODE_RUN_SCRIPTS":""},"dockerRepository":"projects/arcasisv2/locations/us-central1/repositories/gcf-artifacts","serviceAccount":"projects/arcasisv2/serviceAccounts/159758260631-compute@developer.gserviceaccount.com","automaticUpdatePolicy":{}},"serviceConfig":{"service":"projects/arcasisv2/locations/us-central1/services/paymentsheet","timeoutSeconds":60,"environmentVariables":{"FIREBASE_CONFIG":"{\"projectId\":\"arcasisv2\",\"storageBucket\":\"arcasisv2.firebasestorage.app\"}","GCLOUD_PROJECT":"arcasisv2","EVENTARC_CLOUD_EVENT_SOURCE":"projects/arcasisv2/locations/us-central1/services/paymentSheet","FUNCTION_TARGET":"paymentSheet","LOG_EXECUTION_ID":"true"},"ingressSettings":"ALLOW_ALL","serviceAccountEmail":"159758260631-compute@developer.gserviceaccount.com","availableMemory":"256Mi","allTrafficOnLatestRevision":true,"revision":"paymentsheet-00002-kuj","maxInstanceRequestConcurrency":80,"availableCpu":"1"},"state":"ACTIVE","labels":{"deployment-tool":"cloudfunctions","firebase-functions-hash":"7bcafc461686b1383550db6969f820a48370cfb0"},"environment":"GEN_2","url":"https://us-central1-arcasisv2.cloudfunctions.net/paymentSheet"},"stages":[{"name":"BUILD","message":"Build in progress","state":"IN_PROGRESS","resource":"projects/159758260631/locations/us-central1/builds/410ec4d6-9c8e-4b8a-ba6b-da47b0b7019f","resourceUri":"https://console.cloud.google.com/cloud-build/builds;region=us-central1/410ec4d6-9c8e-4b8a-ba6b-da47b0b7019f?project=159758260631"},{"name":"SERVICE","state":"NOT_STARTED"}],"operationType":"UPDATE_FUNCTION","buildName":"projects/159758260631/locations/us-central1/builds/410ec4d6-9c8e-4b8a-ba6b-da47b0b7019f"},"done":false}
[debug] [2025-01-24T07:48:47.503Z] [update-default-us-central1-paymentSheet] Retrying task index 0
[debug] [2025-01-24T07:48:47.503Z] Checked if tokens are valid: true, expires at: 1737706299438
[debug] [2025-01-24T07:48:47.503Z] Checked if tokens are valid: true, expires at: 1737706299438
[debug] [2025-01-24T07:48:47.504Z] >>> [apiv2][query] GET https://cloudfunctions.googleapis.com/v2/projects/arcasisv2/locations/us-central1/operations/operation-1737704889157-62c6ef2a4871f-2bb5c245-4015fd2f [none]
[debug] [2025-01-24T07:48:47.781Z] <<< [apiv2][status] GET https://cloudfunctions.googleapis.com/v2/projects/arcasisv2/locations/us-central1/operations/operation-1737704889157-62c6ef2a4871f-2bb5c245-4015fd2f 200
[debug] [2025-01-24T07:48:47.781Z] <<< [apiv2][body] GET https://cloudfunctions.googleapis.com/v2/projects/arcasisv2/locations/us-central1/operations/operation-1737704889157-62c6ef2a4871f-2bb5c245-4015fd2f {"name":"projects/arcasisv2/locations/us-central1/operations/operation-1737704889157-62c6ef2a4871f-2bb5c245-4015fd2f","metadata":{"@type":"type.googleapis.com/google.cloud.functions.v2.OperationMetadata","createTime":"2025-01-24T07:48:09.769300721Z","target":"projects/arcasisv2/locations/us-central1/functions/paymentSheet","verb":"update","cancelRequested":false,"apiVersion":"v2","requestResource":{"@type":"type.googleapis.com/google.cloud.functions.v2.Function","name":"projects/arcasisv2/locations/us-central1/functions/paymentSheet","buildConfig":{"runtime":"nodejs22","entryPoint":"paymentSheet","source":{"storageSource":{"bucket":"gcf-v2-sources-159758260631-us-central1","object":"paymentSheet/function-source.zip","generation":"1737704889720274"}},"environmentVariables":{"GOOGLE_NODE_RUN_SCRIPTS":""},"dockerRepository":"projects/arcasisv2/locations/us-central1/repositories/gcf-artifacts","serviceAccount":"projects/arcasisv2/serviceAccounts/159758260631-compute@developer.gserviceaccount.com","automaticUpdatePolicy":{}},"serviceConfig":{"service":"projects/arcasisv2/locations/us-central1/services/paymentsheet","timeoutSeconds":60,"environmentVariables":{"FIREBASE_CONFIG":"{\"projectId\":\"arcasisv2\",\"storageBucket\":\"arcasisv2.firebasestorage.app\"}","GCLOUD_PROJECT":"arcasisv2","EVENTARC_CLOUD_EVENT_SOURCE":"projects/arcasisv2/locations/us-central1/services/paymentSheet","FUNCTION_TARGET":"paymentSheet","LOG_EXECUTION_ID":"true"},"ingressSettings":"ALLOW_ALL","serviceAccountEmail":"159758260631-compute@developer.gserviceaccount.com","availableMemory":"256Mi","allTrafficOnLatestRevision":true,"revision":"paymentsheet-00002-kuj","maxInstanceRequestConcurrency":80,"availableCpu":"1"},"state":"ACTIVE","labels":{"deployment-tool":"cloudfunctions","firebase-functions-hash":"7bcafc461686b1383550db6969f820a48370cfb0"},"environment":"GEN_2","url":"https://us-central1-arcasisv2.cloudfunctions.net/paymentSheet"},"stages":[{"name":"BUILD","message":"Build in progress","state":"IN_PROGRESS","resource":"projects/159758260631/locations/us-central1/builds/410ec4d6-9c8e-4b8a-ba6b-da47b0b7019f","resourceUri":"https://console.cloud.google.com/cloud-build/builds;region=us-central1/410ec4d6-9c8e-4b8a-ba6b-da47b0b7019f?project=159758260631"},{"name":"SERVICE","state":"NOT_STARTED"}],"operationType":"UPDATE_FUNCTION","buildName":"projects/159758260631/locations/us-central1/builds/410ec4d6-9c8e-4b8a-ba6b-da47b0b7019f"},"done":false}
[debug] [2025-01-24T07:48:57.783Z] [update-default-us-central1-paymentSheet] Retrying task index 0
[debug] [2025-01-24T07:48:57.784Z] Checked if tokens are valid: true, expires at: 1737706299438
[debug] [2025-01-24T07:48:57.784Z] Checked if tokens are valid: true, expires at: 1737706299438
[debug] [2025-01-24T07:48:57.784Z] >>> [apiv2][query] GET https://cloudfunctions.googleapis.com/v2/projects/arcasisv2/locations/us-central1/operations/operation-1737704889157-62c6ef2a4871f-2bb5c245-4015fd2f [none]
[debug] [2025-01-24T07:48:58.102Z] <<< [apiv2][status] GET https://cloudfunctions.googleapis.com/v2/projects/arcasisv2/locations/us-central1/operations/operation-1737704889157-62c6ef2a4871f-2bb5c245-4015fd2f 200
[debug] [2025-01-24T07:48:58.102Z] <<< [apiv2][body] GET https://cloudfunctions.googleapis.com/v2/projects/arcasisv2/locations/us-central1/operations/operation-1737704889157-62c6ef2a4871f-2bb5c245-4015fd2f {"name":"projects/arcasisv2/locations/us-central1/operations/operation-1737704889157-62c6ef2a4871f-2bb5c245-4015fd2f","metadata":{"@type":"type.googleapis.com/google.cloud.functions.v2.OperationMetadata","createTime":"2025-01-24T07:48:09.769300721Z","target":"projects/arcasisv2/locations/us-central1/functions/paymentSheet","verb":"update","cancelRequested":false,"apiVersion":"v2","requestResource":{"@type":"type.googleapis.com/google.cloud.functions.v2.Function","name":"projects/arcasisv2/locations/us-central1/functions/paymentSheet","buildConfig":{"runtime":"nodejs22","entryPoint":"paymentSheet","source":{"storageSource":{"bucket":"gcf-v2-sources-159758260631-us-central1","object":"paymentSheet/function-source.zip","generation":"1737704889720274"}},"environmentVariables":{"GOOGLE_NODE_RUN_SCRIPTS":""},"dockerRepository":"projects/arcasisv2/locations/us-central1/repositories/gcf-artifacts","serviceAccount":"projects/arcasisv2/serviceAccounts/159758260631-compute@developer.gserviceaccount.com","automaticUpdatePolicy":{}},"serviceConfig":{"service":"projects/arcasisv2/locations/us-central1/services/paymentsheet","timeoutSeconds":60,"environmentVariables":{"FIREBASE_CONFIG":"{\"projectId\":\"arcasisv2\",\"storageBucket\":\"arcasisv2.firebasestorage.app\"}","GCLOUD_PROJECT":"arcasisv2","EVENTARC_CLOUD_EVENT_SOURCE":"projects/arcasisv2/locations/us-central1/services/paymentSheet","FUNCTION_TARGET":"paymentSheet","LOG_EXECUTION_ID":"true"},"ingressSettings":"ALLOW_ALL","serviceAccountEmail":"159758260631-compute@developer.gserviceaccount.com","availableMemory":"256Mi","allTrafficOnLatestRevision":true,"revision":"paymentsheet-00002-kuj","maxInstanceRequestConcurrency":80,"availableCpu":"1"},"state":"ACTIVE","labels":{"deployment-tool":"cloudfunctions","firebase-functions-hash":"7bcafc461686b1383550db6969f820a48370cfb0"},"environment":"GEN_2","url":"https://us-central1-arcasisv2.cloudfunctions.net/paymentSheet"},"stages":[{"name":"BUILD","message":"Build in progress","state":"IN_PROGRESS","resource":"projects/159758260631/locations/us-central1/builds/410ec4d6-9c8e-4b8a-ba6b-da47b0b7019f","resourceUri":"https://console.cloud.google.com/cloud-build/builds;region=us-central1/410ec4d6-9c8e-4b8a-ba6b-da47b0b7019f?project=159758260631"},{"name":"SERVICE","state":"NOT_STARTED"}],"operationType":"UPDATE_FUNCTION","buildName":"projects/159758260631/locations/us-central1/builds/410ec4d6-9c8e-4b8a-ba6b-da47b0b7019f"},"done":false}
[debug] [2025-01-24T07:49:08.104Z] [update-default-us-central1-paymentSheet] Retrying task index 0
[debug] [2025-01-24T07:49:08.105Z] Checked if tokens are valid: true, expires at: 1737706299438
[debug] [2025-01-24T07:49:08.105Z] Checked if tokens are valid: true, expires at: 1737706299438
[debug] [2025-01-24T07:49:08.105Z] >>> [apiv2][query] GET https://cloudfunctions.googleapis.com/v2/projects/arcasisv2/locations/us-central1/operations/operation-1737704889157-62c6ef2a4871f-2bb5c245-4015fd2f [none]
[debug] [2025-01-24T07:49:08.389Z] <<< [apiv2][status] GET https://cloudfunctions.googleapis.com/v2/projects/arcasisv2/locations/us-central1/operations/operation-1737704889157-62c6ef2a4871f-2bb5c245-4015fd2f 200
[debug] [2025-01-24T07:49:08.390Z] <<< [apiv2][body] GET https://cloudfunctions.googleapis.com/v2/projects/arcasisv2/locations/us-central1/operations/operation-1737704889157-62c6ef2a4871f-2bb5c245-4015fd2f {"name":"projects/arcasisv2/locations/us-central1/operations/operation-1737704889157-62c6ef2a4871f-2bb5c245-4015fd2f","metadata":{"@type":"type.googleapis.com/google.cloud.functions.v2.OperationMetadata","createTime":"2025-01-24T07:48:09.769300721Z","target":"projects/arcasisv2/locations/us-central1/functions/paymentSheet","verb":"update","cancelRequested":false,"apiVersion":"v2","requestResource":{"@type":"type.googleapis.com/google.cloud.functions.v2.Function","name":"projects/arcasisv2/locations/us-central1/functions/paymentSheet","buildConfig":{"runtime":"nodejs22","entryPoint":"paymentSheet","source":{"storageSource":{"bucket":"gcf-v2-sources-159758260631-us-central1","object":"paymentSheet/function-source.zip","generation":"1737704889720274"}},"environmentVariables":{"GOOGLE_NODE_RUN_SCRIPTS":""},"dockerRepository":"projects/arcasisv2/locations/us-central1/repositories/gcf-artifacts","serviceAccount":"projects/arcasisv2/serviceAccounts/159758260631-compute@developer.gserviceaccount.com","automaticUpdatePolicy":{}},"serviceConfig":{"service":"projects/arcasisv2/locations/us-central1/services/paymentsheet","timeoutSeconds":60,"environmentVariables":{"FIREBASE_CONFIG":"{\"projectId\":\"arcasisv2\",\"storageBucket\":\"arcasisv2.firebasestorage.app\"}","GCLOUD_PROJECT":"arcasisv2","EVENTARC_CLOUD_EVENT_SOURCE":"projects/arcasisv2/locations/us-central1/services/paymentSheet","FUNCTION_TARGET":"paymentSheet","LOG_EXECUTION_ID":"true"},"ingressSettings":"ALLOW_ALL","serviceAccountEmail":"159758260631-compute@developer.gserviceaccount.com","availableMemory":"256Mi","allTrafficOnLatestRevision":true,"revision":"paymentsheet-00002-kuj","maxInstanceRequestConcurrency":80,"availableCpu":"1"},"state":"ACTIVE","labels":{"deployment-tool":"cloudfunctions","firebase-functions-hash":"7bcafc461686b1383550db6969f820a48370cfb0"},"environment":"GEN_2","url":"https://us-central1-arcasisv2.cloudfunctions.net/paymentSheet"},"stages":[{"name":"BUILD","message":"Build in progress","state":"IN_PROGRESS","resource":"projects/159758260631/locations/us-central1/builds/410ec4d6-9c8e-4b8a-ba6b-da47b0b7019f","resourceUri":"https://console.cloud.google.com/cloud-build/builds;region=us-central1/410ec4d6-9c8e-4b8a-ba6b-da47b0b7019f?project=159758260631"},{"name":"SERVICE","state":"NOT_STARTED"}],"operationType":"UPDATE_FUNCTION","buildName":"projects/159758260631/locations/us-central1/builds/410ec4d6-9c8e-4b8a-ba6b-da47b0b7019f"},"done":false}
[debug] [2025-01-24T07:49:18.390Z] [update-default-us-central1-paymentSheet] Retrying task index 0
[debug] [2025-01-24T07:49:18.391Z] Checked if tokens are valid: true, expires at: 1737706299438
[debug] [2025-01-24T07:49:18.391Z] Checked if tokens are valid: true, expires at: 1737706299438
[debug] [2025-01-24T07:49:18.391Z] >>> [apiv2][query] GET https://cloudfunctions.googleapis.com/v2/projects/arcasisv2/locations/us-central1/operations/operation-1737704889157-62c6ef2a4871f-2bb5c245-4015fd2f [none]
[debug] [2025-01-24T07:49:18.690Z] <<< [apiv2][status] GET https://cloudfunctions.googleapis.com/v2/projects/arcasisv2/locations/us-central1/operations/operation-1737704889157-62c6ef2a4871f-2bb5c245-4015fd2f 200
[debug] [2025-01-24T07:49:18.690Z] <<< [apiv2][body] GET https://cloudfunctions.googleapis.com/v2/projects/arcasisv2/locations/us-central1/operations/operation-1737704889157-62c6ef2a4871f-2bb5c245-4015fd2f {"name":"projects/arcasisv2/locations/us-central1/operations/operation-1737704889157-62c6ef2a4871f-2bb5c245-4015fd2f","metadata":{"@type":"type.googleapis.com/google.cloud.functions.v2.OperationMetadata","createTime":"2025-01-24T07:48:09.769300721Z","target":"projects/arcasisv2/locations/us-central1/functions/paymentSheet","verb":"update","cancelRequested":false,"apiVersion":"v2","requestResource":{"@type":"type.googleapis.com/google.cloud.functions.v2.Function","name":"projects/arcasisv2/locations/us-central1/functions/paymentSheet","buildConfig":{"runtime":"nodejs22","entryPoint":"paymentSheet","source":{"storageSource":{"bucket":"gcf-v2-sources-159758260631-us-central1","object":"paymentSheet/function-source.zip","generation":"1737704889720274"}},"environmentVariables":{"GOOGLE_NODE_RUN_SCRIPTS":""},"dockerRepository":"projects/arcasisv2/locations/us-central1/repositories/gcf-artifacts","serviceAccount":"projects/arcasisv2/serviceAccounts/159758260631-compute@developer.gserviceaccount.com","automaticUpdatePolicy":{}},"serviceConfig":{"service":"projects/arcasisv2/locations/us-central1/services/paymentsheet","timeoutSeconds":60,"environmentVariables":{"FIREBASE_CONFIG":"{\"projectId\":\"arcasisv2\",\"storageBucket\":\"arcasisv2.firebasestorage.app\"}","GCLOUD_PROJECT":"arcasisv2","EVENTARC_CLOUD_EVENT_SOURCE":"projects/arcasisv2/locations/us-central1/services/paymentSheet","FUNCTION_TARGET":"paymentSheet","LOG_EXECUTION_ID":"true"},"ingressSettings":"ALLOW_ALL","serviceAccountEmail":"159758260631-compute@developer.gserviceaccount.com","availableMemory":"256Mi","allTrafficOnLatestRevision":true,"revision":"paymentsheet-00002-kuj","maxInstanceRequestConcurrency":80,"availableCpu":"1"},"state":"ACTIVE","labels":{"deployment-tool":"cloudfunctions","firebase-functions-hash":"7bcafc461686b1383550db6969f820a48370cfb0"},"environment":"GEN_2","url":"https://us-central1-arcasisv2.cloudfunctions.net/paymentSheet"},"stages":[{"name":"BUILD","message":"Build finished","state":"COMPLETE","resource":"projects/159758260631/locations/us-central1/builds/410ec4d6-9c8e-4b8a-ba6b-da47b0b7019f","resourceUri":"https://console.cloud.google.com/cloud-build/builds;region=us-central1/410ec4d6-9c8e-4b8a-ba6b-da47b0b7019f?project=159758260631","stateMessages":[{"severity":"WARNING","type":"BuildAnalysisWarning","message":"*** Improve build performance by generating and committing package-lock.json."}]},{"name":"SERVICE","message":"Updating Cloud Run service","state":"IN_PROGRESS","resource":"projects/arcasisv2/locations/us-central1/services/paymentsheet","resourceUri":"https://console.cloud.google.com/run/detail/us-central1/paymentsheet?project=arcasisv2","stateMessages":[{"severity":"INFO","type":"CloudRunServiceNewRevisionTrafficInfo","message":"A new revision will be deployed serving with 100% traffic."}]}],"sourceToken":"Cldwcm9qZWN0cy8xNTk3NTgyNjA2MzEvbG9jYXRpb25zL3VzLWNlbnRyYWwxL2J1aWxkcy80MTBlYzRkNi05YzhlLTRiOGEtYmE2Yi1kYTQ3YjBiNzAxOWYSY3VzLWNlbnRyYWwxLWRvY2tlci5wa2cuZGV2L2FyY2FzaXN2Mi9nY2YtYXJ0aWZhY3RzL2FyY2FzaXN2Ml9fdXMtLWNlbnRyYWwxX19wYXltZW50X3NoZWV0OnZlcnNpb25fMRiXs9aS0wQiP3Byb2plY3RzL2FyY2FzaXN2Mi9sb2NhdGlvbnMvdXMtY2VudHJhbDEvZnVuY3Rpb25zL3BheW1lbnRTaGVldCoMCPeLzbwGEPDGruUCMghub2RlanMyMjp2CiNnY3IuaW8vZ2FlLXJ1bnRpbWVzL25vZGVqczIyOnN0YWJsZRJPdXMtY2VudHJhbDEtZG9ja2VyLnBrZy5kZXYvc2VydmVybGVzcy1ydW50aW1lcy9nb29nbGUtMjItZnVsbC9ydW50aW1lcy9ub2RlanMyMkAB","operationType":"UPDATE_FUNCTION","buildName":"projects/159758260631/locations/us-central1/builds/410ec4d6-9c8e-4b8a-ba6b-da47b0b7019f"},"done":false}
[debug] [2025-01-24T07:49:18.690Z] Got source token Cldwcm9qZWN0cy8xNTk3NTgyNjA2MzEvbG9jYXRpb25zL3VzLWNlbnRyYWwxL2J1aWxkcy80MTBlYzRkNi05YzhlLTRiOGEtYmE2Yi1kYTQ3YjBiNzAxOWYSY3VzLWNlbnRyYWwxLWRvY2tlci5wa2cuZGV2L2FyY2FzaXN2Mi9nY2YtYXJ0aWZhY3RzL2FyY2FzaXN2Ml9fdXMtLWNlbnRyYWwxX19wYXltZW50X3NoZWV0OnZlcnNpb25fMRiXs9aS0wQiP3Byb2plY3RzL2FyY2FzaXN2Mi9sb2NhdGlvbnMvdXMtY2VudHJhbDEvZnVuY3Rpb25zL3BheW1lbnRTaGVldCoMCPeLzbwGEPDGruUCMghub2RlanMyMjp2CiNnY3IuaW8vZ2FlLXJ1bnRpbWVzL25vZGVqczIyOnN0YWJsZRJPdXMtY2VudHJhbDEtZG9ja2VyLnBrZy5kZXYvc2VydmVybGVzcy1ydW50aW1lcy9nb29nbGUtMjItZnVsbC9ydW50aW1lcy9ub2RlanMyMkAB for region us-central1
[debug] [2025-01-24T07:49:28.692Z] [update-default-us-central1-paymentSheet] Retrying task index 0
[debug] [2025-01-24T07:49:28.692Z] Checked if tokens are valid: true, expires at: 1737706299438
[debug] [2025-01-24T07:49:28.692Z] Checked if tokens are valid: true, expires at: 1737706299438
[debug] [2025-01-24T07:49:28.692Z] >>> [apiv2][query] GET https://cloudfunctions.googleapis.com/v2/projects/arcasisv2/locations/us-central1/operations/operation-1737704889157-62c6ef2a4871f-2bb5c245-4015fd2f [none]
[debug] [2025-01-24T07:49:28.978Z] <<< [apiv2][status] GET https://cloudfunctions.googleapis.com/v2/projects/arcasisv2/locations/us-central1/operations/operation-1737704889157-62c6ef2a4871f-2bb5c245-4015fd2f 200
[debug] [2025-01-24T07:49:28.979Z] <<< [apiv2][body] GET https://cloudfunctions.googleapis.com/v2/projects/arcasisv2/locations/us-central1/operations/operation-1737704889157-62c6ef2a4871f-2bb5c245-4015fd2f {"name":"projects/arcasisv2/locations/us-central1/operations/operation-1737704889157-62c6ef2a4871f-2bb5c245-4015fd2f","metadata":{"@type":"type.googleapis.com/google.cloud.functions.v2.OperationMetadata","createTime":"2025-01-24T07:48:09.769300721Z","endTime":"2025-01-24T07:49:20.473430074Z","target":"projects/arcasisv2/locations/us-central1/functions/paymentSheet","verb":"update","cancelRequested":false,"apiVersion":"v2","requestResource":{"@type":"type.googleapis.com/google.cloud.functions.v2.Function","name":"projects/arcasisv2/locations/us-central1/functions/paymentSheet","buildConfig":{"runtime":"nodejs22","entryPoint":"paymentSheet","source":{"storageSource":{"bucket":"gcf-v2-sources-159758260631-us-central1","object":"paymentSheet/function-source.zip","generation":"1737704889720274"}},"environmentVariables":{"GOOGLE_NODE_RUN_SCRIPTS":""},"dockerRepository":"projects/arcasisv2/locations/us-central1/repositories/gcf-artifacts","serviceAccount":"projects/arcasisv2/serviceAccounts/159758260631-compute@developer.gserviceaccount.com","automaticUpdatePolicy":{}},"serviceConfig":{"service":"projects/arcasisv2/locations/us-central1/services/paymentsheet","timeoutSeconds":60,"environmentVariables":{"FIREBASE_CONFIG":"{\"projectId\":\"arcasisv2\",\"storageBucket\":\"arcasisv2.firebasestorage.app\"}","GCLOUD_PROJECT":"arcasisv2","EVENTARC_CLOUD_EVENT_SOURCE":"projects/arcasisv2/locations/us-central1/services/paymentSheet","FUNCTION_TARGET":"paymentSheet","LOG_EXECUTION_ID":"true"},"ingressSettings":"ALLOW_ALL","serviceAccountEmail":"159758260631-compute@developer.gserviceaccount.com","availableMemory":"256Mi","allTrafficOnLatestRevision":true,"revision":"paymentsheet-00002-kuj","maxInstanceRequestConcurrency":80,"availableCpu":"1"},"state":"ACTIVE","labels":{"deployment-tool":"cloudfunctions","firebase-functions-hash":"7bcafc461686b1383550db6969f820a48370cfb0"},"environment":"GEN_2","url":"https://us-central1-arcasisv2.cloudfunctions.net/paymentSheet"},"stages":[{"name":"SERVICE","state":"NOT_STARTED"}],"operationType":"UPDATE_FUNCTION"},"done":true,"error":{"code":3,"message":"Could not create or update Cloud Run service paymentsheet, Container Healthcheck failed. Revision 'paymentsheet-00003-yof' is not ready and cannot serve traffic. The user-provided container failed to start and listen on the port defined provided by the PORT=8080 environment variable within the allocated timeout. This can happen when the container port is misconfigured or if the timeout is too short. The health check timeout can be extended. Logs for this revision might contain more information.\n\nLogs URL: https://console.cloud.google.com/logs/viewer?project=arcasisv2&resource=cloud_run_revision/service_name/paymentsheet/revision_name/paymentsheet-00003-yof&advancedFilter=resource.type%3D%22cloud_run_revision%22%0Aresource.labels.service_name%3D%22paymentsheet%22%0Aresource.labels.revision_name%3D%22paymentsheet-00003-yof%22 \nFor more troubleshooting guidance, see https://cloud.google.com/run/docs/troubleshooting#container-failed-to-start"}}
[debug] [2025-01-24T07:49:28.979Z] Got source token undefined for region us-central1
[error] Could not create or update Cloud Run service paymentsheet, Container Healthcheck failed. Revision 'paymentsheet-00003-yof' is not ready and cannot serve traffic. The user-provided container failed to start and listen on the port defined provided by the PORT=8080 environment variable within the allocated timeout. This can happen when the container port is misconfigured or if the timeout is too short. The health check timeout can be extended. Logs for this revision might contain more information.

Logs URL: https://console.cloud.google.com/logs/viewer?project=arcasisv2&resource=cloud_run_revision/service_name/paymentsheet/revision_name/paymentsheet-00003-yof&advancedFilter=resource.type%3D%22cloud_run_revision%22%0Aresource.labels.service_name%3D%22paymentsheet%22%0Aresource.labels.revision_name%3D%22paymentsheet-00003-yof%22 
For more troubleshooting guidance, see https://cloud.google.com/run/docs/troubleshooting#container-failed-to-start
[debug] [2025-01-24T07:49:28.988Z] Total Function Deployment time: 80240
[debug] [2025-01-24T07:49:28.989Z] 1 Functions Deployed
[debug] [2025-01-24T07:49:28.989Z] 1 Functions Errored
[debug] [2025-01-24T07:49:28.989Z] 0 Function Deployments Aborted
[debug] [2025-01-24T07:49:28.989Z] Average Function Deployment time: 80239
[info] 
[info] Functions deploy had errors with the following functions:
	paymentSheet(us-central1)
[debug] [2025-01-24T07:49:29.131Z] Not printing URL for HTTPS function. Typically this means it didn't match a filter or we failed deployment
[info] i  functions: cleaning up build files... 
[debug] [2025-01-24T07:49:29.135Z] Checked if tokens are valid: true, expires at: 1737706299438
[debug] [2025-01-24T07:49:29.135Z] Checked if tokens are valid: true, expires at: 1737706299438
[debug] [2025-01-24T07:49:29.136Z] Checked if tokens are valid: true, expires at: 1737706299438
[debug] [2025-01-24T07:49:29.137Z] Checked if tokens are valid: true, expires at: 1737706299438
[debug] [2025-01-24T07:49:29.137Z] >>> [apiv2][query] DELETE https://artifactregistry.googleapis.com/v1beta2/projects/arcasisv2/locations/us-central1/repositories/gcf-artifacts/packages/payment_sheet [none]
[debug] [2025-01-24T07:49:29.139Z] >>> [apiv2][query] GET https://us.gcr.io/v2/arcasisv2/gcf/us-central1/tags/list [none]
[debug] [2025-01-24T07:49:29.459Z] <<< [apiv2][status] GET https://us.gcr.io/v2/arcasisv2/gcf/us-central1/tags/list 404
[debug] [2025-01-24T07:49:29.459Z] <<< [apiv2][body] GET https://us.gcr.io/v2/arcasisv2/gcf/us-central1/tags/list {"errors":[{"code":"NAME_UNKNOWN","message":"Repository \"us.gcr.io\" not found"}]}
[debug] [2025-01-24T07:49:29.460Z] Failed docker command with error  Request to https://us.gcr.io/v2/arcasisv2/gcf/us-central1/tags/list had HTTP Error: 404, Not Found {"name":"FirebaseError","children":[],"context":{"body":{"errors":[{"code":"NAME_UNKNOWN","message":"Repository \"us.gcr.io\" not found"}],"error":{"message":"Not Found"}},"response":{"statusCode":404}},"exit":1,"message":"Request to https://us.gcr.io/v2/arcasisv2/gcf/us-central1/tags/list had HTTP Error: 404, Not Found","status":404}
[debug] [2025-01-24T07:49:29.463Z] Checked if tokens are valid: true, expires at: 1737706299438
[debug] [2025-01-24T07:49:29.463Z] Checked if tokens are valid: true, expires at: 1737706299438
[debug] [2025-01-24T07:49:29.464Z] >>> [apiv2][query] GET https://us.gcr.io/v2/arcasisv2/gcf/us-central1/tags/list [none]
[debug] [2025-01-24T07:49:29.512Z] <<< [apiv2][status] DELETE https://artifactregistry.googleapis.com/v1beta2/projects/arcasisv2/locations/us-central1/repositories/gcf-artifacts/packages/payment_sheet 404
[debug] [2025-01-24T07:49:29.513Z] <<< [apiv2][body] DELETE https://artifactregistry.googleapis.com/v1beta2/projects/arcasisv2/locations/us-central1/repositories/gcf-artifacts/packages/payment_sheet {"error":{"code":404,"message":"Package \"projects/arcasisv2/locations/us-central1/repositories/gcf-artifacts/packages/payment_sheet\" was not found.","status":"NOT_FOUND"}}
[debug] [2025-01-24T07:49:29.724Z] <<< [apiv2][status] GET https://us.gcr.io/v2/arcasisv2/gcf/us-central1/tags/list 404
[debug] [2025-01-24T07:49:29.724Z] <<< [apiv2][body] GET https://us.gcr.io/v2/arcasisv2/gcf/us-central1/tags/list {"errors":[{"code":"NAME_UNKNOWN","message":"Repository \"us.gcr.io\" not found"}]}
[debug] [2025-01-24T07:49:29.725Z] Failed docker command with error  Request to https://us.gcr.io/v2/arcasisv2/gcf/us-central1/tags/list had HTTP Error: 404, Not Found {"name":"FirebaseError","children":[],"context":{"body":{"errors":[{"code":"NAME_UNKNOWN","message":"Repository \"us.gcr.io\" not found"}],"error":{"message":"Not Found"}},"response":{"statusCode":404}},"exit":1,"message":"Request to https://us.gcr.io/v2/arcasisv2/gcf/us-central1/tags/list had HTTP Error: 404, Not Found","status":404}
[debug] [2025-01-24T07:49:29.826Z] Checked if tokens are valid: true, expires at: 1737706299438
[debug] [2025-01-24T07:49:29.827Z] Checked if tokens are valid: true, expires at: 1737706299438
[debug] [2025-01-24T07:49:29.827Z] >>> [apiv2][query] GET https://us.gcr.io/v2/arcasisv2/gcf/us-central1/tags/list [none]
[debug] [2025-01-24T07:49:30.067Z] <<< [apiv2][status] GET https://us.gcr.io/v2/arcasisv2/gcf/us-central1/tags/list 404
[debug] [2025-01-24T07:49:30.067Z] <<< [apiv2][body] GET https://us.gcr.io/v2/arcasisv2/gcf/us-central1/tags/list {"errors":[{"code":"NAME_UNKNOWN","message":"Repository \"us.gcr.io\" not found"}]}
[debug] [2025-01-24T07:49:30.068Z] Failed docker command with error  Request to https://us.gcr.io/v2/arcasisv2/gcf/us-central1/tags/list had HTTP Error: 404, Not Found {"name":"FirebaseError","children":[],"context":{"body":{"errors":[{"code":"NAME_UNKNOWN","message":"Repository \"us.gcr.io\" not found"}],"error":{"message":"Not Found"}},"response":{"statusCode":404}},"exit":1,"message":"Request to https://us.gcr.io/v2/arcasisv2/gcf/us-central1/tags/list had HTTP Error: 404, Not Found","status":404}
[warn] ⚠  functions: Unhandled error cleaning up build images. This could result in a small monthly bill if not corrected. You can attempt to delete these images by redeploying or you can delete them manually at https://console.cloud.google.com/gcr/images/arcasisv2/us/gcf 
[debug] [2025-01-24T07:49:30.068Z] Functions deploy failed.
[debug] [2025-01-24T07:49:30.069Z] {
  "endpoint": {
    "id": "paymentSheet",
    "project": "arcasisv2",
    "region": "us-central1",
    "entryPoint": "paymentSheet",
    "platform": "gcfv2",
    "runtime": "nodejs22",
    "httpsTrigger": {},
    "labels": {
      "deployment-tool": "cli-firebase"
    },
    "ingressSettings": null,
    "availableMemoryMb": null,
    "serviceAccount": null,
    "timeoutSeconds": null,
    "maxInstances": null,
    "minInstances": null,
    "concurrency": 80,
    "vpc": null,
    "environmentVariables": {
      "FIREBASE_CONFIG": "{\"projectId\":\"arcasisv2\",\"storageBucket\":\"arcasisv2.firebasestorage.app\"}",
      "GCLOUD_PROJECT": "arcasisv2",
      "EVENTARC_CLOUD_EVENT_SOURCE": "projects/arcasisv2/locations/us-central1/services/paymentSheet",
      "FUNCTION_TARGET": "paymentSheet",
      "LOG_EXECUTION_ID": "true"
    },
    "codebase": "default",
    "runServiceId": "paymentsheet",
    "cpu": 1,
    "securityLevel": "SECURE_ALWAYS",
    "targetedByOnly": false,
    "hash": "7bcafc461686b1383550db6969f820a48370cfb0"
  },
  "op": "update",
  "original": {
    "name": "FirebaseError",
    "children": [],
    "exit": 1,
    "message": "Could not create or update Cloud Run service paymentsheet, Container Healthcheck failed. Revision 'paymentsheet-00003-yof' is not ready and cannot serve traffic. The user-provided container failed to start and listen on the port defined provided by the PORT=8080 environment variable within the allocated timeout. This can happen when the container port is misconfigured or if the timeout is too short. The health check timeout can be extended. Logs for this revision might contain more information.\n\nLogs URL: https://console.cloud.google.com/logs/viewer?project=arcasisv2&resource=cloud_run_revision/service_name/paymentsheet/revision_name/paymentsheet-00003-yof&advancedFilter=resource.type%3D%22cloud_run_revision%22%0Aresource.labels.service_name%3D%22paymentsheet%22%0Aresource.labels.revision_name%3D%22paymentsheet-00003-yof%22 \nFor more troubleshooting guidance, see https://cloud.google.com/run/docs/troubleshooting#container-failed-to-start",
    "original": {
      "code": 3,
      "message": "Could not create or update Cloud Run service paymentsheet, Container Healthcheck failed. Revision 'paymentsheet-00003-yof' is not ready and cannot serve traffic. The user-provided container failed to start and listen on the port defined provided by the PORT=8080 environment variable within the allocated timeout. This can happen when the container port is misconfigured or if the timeout is too short. The health check timeout can be extended. Logs for this revision might contain more information.\n\nLogs URL: https://console.cloud.google.com/logs/viewer?project=arcasisv2&resource=cloud_run_revision/service_name/paymentsheet/revision_name/paymentsheet-00003-yof&advancedFilter=resource.type%3D%22cloud_run_revision%22%0Aresource.labels.service_name%3D%22paymentsheet%22%0Aresource.labels.revision_name%3D%22paymentsheet-00003-yof%22 \nFor more troubleshooting guidance, see https://cloud.google.com/run/docs/troubleshooting#container-failed-to-start"
    },
    "status": 3,
    "code": 3
  }
}
[debug] [2025-01-24T07:49:30.221Z] Error: Failed to update function paymentSheet in region us-central1
    at /Users/mac/.config/yarn/global/node_modules/firebase-tools/lib/deploy/functions/release/fabricator.js:399:19
    at process.processTicksAndRejections (node:internal/process/task_queues:95:5)
    at async Fabricator.updateV2Function (/Users/mac/.config/yarn/global/node_modules/firebase-tools/lib/deploy/functions/release/fabricator.js:388:32)
    at async Fabricator.updateEndpoint (/Users/mac/.config/yarn/global/node_modules/firebase-tools/lib/deploy/functions/release/fabricator.js:155:13)
    at async handle (/Users/mac/.config/yarn/global/node_modules/firebase-tools/lib/deploy/functions/release/fabricator.js:89:17)
[error] 
[error] Error: There was an error deploying functions
[debug] [2025-01-24T08:47:46.773Z] ----------------------------------------------------------------------
[debug] [2025-01-24T08:47:46.779Z] Command:       /Users/mac/.nvm/versions/node/v18.20.6/bin/node /usr/local/bin/firebase deploy --only functions
[debug] [2025-01-24T08:47:46.781Z] CLI Version:   13.29.2
[debug] [2025-01-24T08:47:46.782Z] Platform:      darwin
[debug] [2025-01-24T08:47:46.783Z] Node Version:  v18.20.6
[debug] [2025-01-24T08:47:46.804Z] Time:          Fri Jan 24 2025 02:47:46 GMT-0600 (Central Standard Time)
[debug] [2025-01-24T08:47:46.804Z] ----------------------------------------------------------------------
[debug] 
[debug] [2025-01-24T08:47:47.271Z] > command requires scopes: ["email","openid","https://www.googleapis.com/auth/cloudplatformprojects.readonly","https://www.googleapis.com/auth/firebase","https://www.googleapis.com/auth/cloud-platform"]
[debug] [2025-01-24T08:47:47.272Z] > authorizing via signed-in user (arcasisco@gmail.com)
[debug] [2025-01-24T08:47:47.272Z] [iam] checking project arcasisv2 for permissions ["cloudfunctions.functions.create","cloudfunctions.functions.delete","cloudfunctions.functions.get","cloudfunctions.functions.list","cloudfunctions.functions.update","cloudfunctions.operations.get","firebase.projects.get"]
[debug] [2025-01-24T08:47:47.281Z] Checked if tokens are valid: false, expires at: 1737706299438
[debug] [2025-01-24T08:47:47.281Z] Checked if tokens are valid: false, expires at: 1737706299438
[debug] [2025-01-24T08:47:47.282Z] > refreshing access token with scopes: []
[debug] [2025-01-24T08:47:47.284Z] >>> [apiv2][query] POST https://www.googleapis.com/oauth2/v3/token [none]
[debug] [2025-01-24T08:47:47.285Z] >>> [apiv2][body] POST https://www.googleapis.com/oauth2/v3/token [omitted]
[debug] [2025-01-24T08:47:47.690Z] <<< [apiv2][status] POST https://www.googleapis.com/oauth2/v3/token 200
[debug] [2025-01-24T08:47:47.694Z] <<< [apiv2][body] POST https://www.googleapis.com/oauth2/v3/token [omitted]
[debug] [2025-01-24T08:47:47.752Z] >>> [apiv2][query] POST https://cloudresourcemanager.googleapis.com/v1/projects/arcasisv2:testIamPermissions [none]
[debug] [2025-01-24T08:47:47.752Z] >>> [apiv2][(partial)header] POST https://cloudresourcemanager.googleapis.com/v1/projects/arcasisv2:testIamPermissions x-goog-quota-user=projects/arcasisv2
[debug] [2025-01-24T08:47:47.752Z] >>> [apiv2][body] POST https://cloudresourcemanager.googleapis.com/v1/projects/arcasisv2:testIamPermissions {"permissions":["cloudfunctions.functions.create","cloudfunctions.functions.delete","cloudfunctions.functions.get","cloudfunctions.functions.list","cloudfunctions.functions.update","cloudfunctions.operations.get","firebase.projects.get"]}
[debug] [2025-01-24T08:47:48.069Z] <<< [apiv2][status] POST https://cloudresourcemanager.googleapis.com/v1/projects/arcasisv2:testIamPermissions 200
[debug] [2025-01-24T08:47:48.069Z] <<< [apiv2][body] POST https://cloudresourcemanager.googleapis.com/v1/projects/arcasisv2:testIamPermissions {"permissions":["cloudfunctions.functions.create","cloudfunctions.functions.delete","cloudfunctions.functions.get","cloudfunctions.functions.list","cloudfunctions.functions.update","cloudfunctions.operations.get","firebase.projects.get"]}
[debug] [2025-01-24T08:47:48.070Z] Checked if tokens are valid: true, expires at: 1737712066694
[debug] [2025-01-24T08:47:48.070Z] Checked if tokens are valid: true, expires at: 1737712066694
[debug] [2025-01-24T08:47:48.070Z] >>> [apiv2][query] POST https://iam.googleapis.com/v1/projects/arcasisv2/serviceAccounts/arcasisv2@appspot.gserviceaccount.com:testIamPermissions [none]
[debug] [2025-01-24T08:47:48.070Z] >>> [apiv2][body] POST https://iam.googleapis.com/v1/projects/arcasisv2/serviceAccounts/arcasisv2@appspot.gserviceaccount.com:testIamPermissions {"permissions":["iam.serviceAccounts.actAs"]}
[debug] [2025-01-24T08:47:48.431Z] <<< [apiv2][status] POST https://iam.googleapis.com/v1/projects/arcasisv2/serviceAccounts/arcasisv2@appspot.gserviceaccount.com:testIamPermissions 200
[debug] [2025-01-24T08:47:48.431Z] <<< [apiv2][body] POST https://iam.googleapis.com/v1/projects/arcasisv2/serviceAccounts/arcasisv2@appspot.gserviceaccount.com:testIamPermissions {"permissions":["iam.serviceAccounts.actAs"]}
[info] 
[info] === Deploying to 'arcasisv2'...
[info] 
[info] i  deploying functions 
[info] Running command: npm --prefix "$RESOURCE_DIR" run build
